brightness_agent		 Trying to use intention BrightnessIntention to achieve goal BrightnessGoal#0[object Object]
brightness_agent		 Trying to use intention BrightnessIntention to achieve goal BrightnessGoal#1[object Object]
heating_agent		 Trying to use intention HeatingIntention to achieve goal HeatingGoal#2[object Object]
catNeedings_agent		 Trying to use intention CatNeedingIntention to achieve goal CatNeedingGoal#3[object Object]
Monday:00:15
Monday:00:30
Monday:00:45
Monday:01:00
Monday:01:15
Monday:01:30
Monday:01:45
Monday:02:00
Monday:02:15
Monday:02:30
Monday:02:45
Monday:03:00
Monday:03:15
Monday:03:30
Monday:03:45
Monday:04:00
Monday:04:15
Monday:04:30
Monday:04:45
Monday:05:00
Monday:05:15
Monday:05:30
Monday:05:45
Monday:06:00
thermostat status: 18
Temperature increased to:  19
thermostat status: 19
Monday:06:15
Monday:06:30
Monday:06:45
Monday:07:00
frolla moved to kitchen
cat feeder status_food: empty
cat feeder status_water: off
cat feeder cat_prossimity: true
Nicola moved to kitchen
Sara moved to kitchen
cat feeder food bowl full
cat feeder water on
kitchen roll up shutter  lifted up
cat feeder status_food: full_food
cat feeder status_water: on
cat feeder cat_prossimity: false
cat feeder water off
cat feeder status_water: off
Monday:07:15
Nicola moved to bathroom
Sara moved to bathroom
bathroom roll up shutter  lifted up
Monday:07:30
Monday:07:45
Monday:08:00
frolla moved to service_bathroom
Monday:08:15
Monday:08:30
Monday:08:45
Monday:09:00
Monday:09:15
Monday:09:30
Monday:09:45
Monday:10:00
Monday:10:15
Monday:10:30
Monday:10:45
Monday:11:00
Monday:11:15
Monday:11:30
Monday:11:45
Monday:12:00
Monday:12:15
Monday:12:30
Nicola moved to kitchen
Monday:12:45
Monday:13:00
Nicola moved to living_room
living_room roll up shutter  lifted up
Monday:13:15
Monday:13:30
Monday:13:45
Monday:14:00
Monday:14:15
Monday:14:30
Monday:14:45
Monday:15:00
Monday:15:15
Monday:15:30
Monday:15:45
Monday:16:00
Monday:16:15
Monday:16:30
Monday:16:45
Monday:17:00
Monday:17:15
Monday:17:30
Monday:17:45
Monday:18:00
Monday:18:15
Monday:18:30
Monday:18:45
Monday:19:00
Monday:19:15
Monday:19:30
Nicola moved to kitchen
Sara moved to kitchen
Monday:19:45
Monday:20:00
Nicola moved to living_room
Sara moved to living_room
living_room light  light turned on
Monday:20:15
Monday:20:30
Monday:20:45
Monday:21:00
Monday:21:15
Monday:21:30
Monday:21:45
Monday:22:00
Monday:22:15
Monday:22:30
Monday:22:45
Monday:23:00
Monday:23:15
Monday:23:30
Monday:23:45
Monday:24:00
Monday:24:15
Monday:24:30
Monday:24:45
Tuesday:00:00
Tuesday:00:15
Tuesday:00:30
Tuesday:00:45
Tuesday:01:00
Tuesday:01:15
Tuesday:01:30
Tuesday:01:45
Tuesday:02:00
Tuesday:02:15
Tuesday:02:30
Tuesday:02:45
Tuesday:03:00
Tuesday:03:15
Tuesday:03:30
Tuesday:03:45
Tuesday:04:00
Tuesday:04:15
Tuesday:04:30
Tuesday:04:45
Tuesday:05:00
Tuesday:05:15
Tuesday:05:30
Tuesday:05:45
Tuesday:06:00
thermostat status: 18
Nicola moved to kitchen
Temperature increased to:  19
kitchen light  light turned on
living_room light  light turned off
thermostat status: 19
Tuesday:06:15
Nicola moved to bathroom
kitchen light  light turned off
bathroom light  light turned on
Tuesday:06:30
Tuesday:06:45
Tuesday:07:00
frolla moved to kitchen
cat feeder status_food: empty
cat feeder status_water: off
cat feeder cat_prossimity: true
Sara moved to kitchen
cat feeder food bowl full
cat feeder water on
bathroom light  light turned off
cat feeder status_food: full_food
cat feeder status_water: on
cat feeder cat_prossimity: false
cat feeder water off
cat feeder status_water: off
Tuesday:07:15
Sara moved to bathroom
Tuesday:07:30
Tuesday:07:45
Tuesday:08:00
frolla moved to service_bathroom
Tuesday:08:15
Tuesday:08:30
Tuesday:08:45
Tuesday:09:00
Tuesday:09:15
Tuesday:09:30
Tuesday:09:45
Tuesday:10:00
Tuesday:10:15
Tuesday:10:30
Tuesday:10:45
Tuesday:11:00
Tuesday:11:15
Tuesday:11:30
Tuesday:11:45
Tuesday:12:00
Tuesday:12:15
Tuesday:12:30
Tuesday:12:45
Tuesday:13:00
Tuesday:13:15
Tuesday:13:30
Tuesday:13:45
Tuesday:14:00
Tuesday:14:15
Tuesday:14:30
Tuesday:14:45
Tuesday:15:00
Tuesday:15:15
Tuesday:15:30
Tuesday:15:45
Tuesday:16:00
Tuesday:16:15
Tuesday:16:30
Tuesday:16:45
Tuesday:17:00
Tuesday:17:15
Tuesday:17:30
Tuesday:17:45
Tuesday:18:00
Tuesday:18:15
Tuesday:18:30
Tuesday:18:45
Tuesday:19:00
Tuesday:19:15
Tuesday:19:30
Tuesday:19:45
Tuesday:20:00
Tuesday:20:15
Tuesday:20:30
Sara moved to kitchen
kitchen light  light turned on
Tuesday:20:45
Tuesday:21:00
Nicola moved to living_room
Sara moved to living_room
kitchen light  light turned off
living_room light  light turned on
Tuesday:21:15
Tuesday:21:30
Tuesday:21:45
Tuesday:22:00
Tuesday:22:15
Tuesday:22:30
Tuesday:22:45
Tuesday:23:00
Tuesday:23:15
Tuesday:23:30
Tuesday:23:45
Tuesday:24:00
Tuesday:24:15
Tuesday:24:30
Tuesday:24:45
Wednesday:00:00
Wednesday:00:15
Wednesday:00:30
Wednesday:00:45
Wednesday:01:00
Wednesday:01:15
Wednesday:01:30
Wednesday:01:45
Wednesday:02:00
Wednesday:02:15
Wednesday:02:30
Wednesday:02:45
Wednesday:03:00
Wednesday:03:15
Wednesday:03:30
Wednesday:03:45
Wednesday:04:00
Wednesday:04:15
Wednesday:04:30
Wednesday:04:45
Wednesday:05:00
Wednesday:05:15
Wednesday:05:30
Wednesday:05:45
Wednesday:06:00
thermostat status: 18
Nicola moved to kitchen
Temperature increased to:  19
kitchen light  light turned on
living_room light  light turned off
thermostat status: 19
Wednesday:06:15
Nicola moved to bathroom
kitchen light  light turned off
bathroom light  light turned on
Wednesday:06:30
Wednesday:06:45
Wednesday:07:00
frolla moved to kitchen
cat feeder status_food: empty
cat feeder status_water: off
cat feeder cat_prossimity: true
Sara moved to kitchen
cat feeder food bowl full
cat feeder water on
bathroom light  light turned off
cat feeder status_food: full_food
cat feeder status_water: on
cat feeder cat_prossimity: false
cat feeder water off
cat feeder status_water: off
Wednesday:07:15
Sara moved to bathroom
Wednesday:07:30
Wednesday:07:45
Wednesday:08:00
frolla moved to service_bathroom
Wednesday:08:15
Wednesday:08:30
Wednesday:08:45
Wednesday:09:00
Wednesday:09:15
Wednesday:09:30
Wednesday:09:45
Wednesday:10:00
Wednesday:10:15
Wednesday:10:30
Wednesday:10:45
Wednesday:11:00
Wednesday:11:15
Wednesday:11:30
Wednesday:11:45
Wednesday:12:00
Wednesday:12:15
Wednesday:12:30
Wednesday:12:45
Wednesday:13:00
Wednesday:13:15
Wednesday:13:30
Wednesday:13:45
Wednesday:14:00
Wednesday:14:15
Wednesday:14:30
Wednesday:14:45
Wednesday:15:00
Wednesday:15:15
Wednesday:15:30
Wednesday:15:45
Wednesday:16:00
Wednesday:16:15
Wednesday:16:30
Wednesday:16:45
Wednesday:17:00
Wednesday:17:15
Wednesday:17:30
Wednesday:17:45
Wednesday:18:00
Wednesday:18:15
Wednesday:18:30
Wednesday:18:45
Wednesday:19:00
Wednesday:19:15
Wednesday:19:30
Wednesday:19:45
Wednesday:20:00
Wednesday:20:15
Wednesday:20:30
Sara moved to kitchen
kitchen light  light turned on
Wednesday:20:45
Wednesday:21:00
Nicola moved to living_room
Sara moved to living_room
kitchen light  light turned off
living_room light  light turned on
Wednesday:21:15
Wednesday:21:30
Wednesday:21:45
Wednesday:22:00
Wednesday:22:15
Wednesday:22:30
Wednesday:22:45
Wednesday:23:00
Wednesday:23:15
Wednesday:23:30
Wednesday:23:45
Wednesday:24:00
Wednesday:24:15
Wednesday:24:30
Wednesday:24:45
Thursday:00:00
Thursday:00:15
Thursday:00:30
Thursday:00:45
Thursday:01:00
Thursday:01:15
Thursday:01:30
Thursday:01:45
Thursday:02:00
Thursday:02:15
Thursday:02:30
Thursday:02:45
Thursday:03:00
Thursday:03:15
Thursday:03:30
Thursday:03:45
Thursday:04:00
Thursday:04:15
Thursday:04:30
Thursday:04:45
Thursday:05:00
Thursday:05:15
Thursday:05:30
Thursday:05:45
Thursday:06:00
thermostat status: 18
Nicola moved to kitchen
Temperature increased to:  19
kitchen light  light turned on
living_room light  light turned off
thermostat status: 19
Thursday:06:15
Nicola moved to bathroom
kitchen light  light turned off
bathroom light  light turned on
Thursday:06:30
Thursday:06:45
Thursday:07:00
frolla moved to kitchen
cat feeder status_food: empty
cat feeder status_water: off
cat feeder cat_prossimity: true
Sara moved to kitchen
cat feeder food bowl full
cat feeder water on
bathroom light  light turned off
cat feeder status_food: full_food
cat feeder status_water: on
cat feeder cat_prossimity: false
cat feeder water off
cat feeder status_water: off
Thursday:07:15
Sara moved to bathroom
Thursday:07:30
Thursday:07:45
Thursday:08:00
frolla moved to service_bathroom
Thursday:08:15
Thursday:08:30
Thursday:08:45
Thursday:09:00
Thursday:09:15
Thursday:09:30
Thursday:09:45
Thursday:10:00
Thursday:10:15
Thursday:10:30
Thursday:10:45
Thursday:11:00
Thursday:11:15
Thursday:11:30
Thursday:11:45
Thursday:12:00
Thursday:12:15
Thursday:12:30
Thursday:12:45
Thursday:13:00
Thursday:13:15
Thursday:13:30
Thursday:13:45
Thursday:14:00
Thursday:14:15
Thursday:14:30
Thursday:14:45
Thursday:15:00
Thursday:15:15
Thursday:15:30
Thursday:15:45
Thursday:16:00
Thursday:16:15
Thursday:16:30
Thursday:16:45
Thursday:17:00
Thursday:17:15
Thursday:17:30
Thursday:17:45
Thursday:18:00
Thursday:18:15
Thursday:18:30
Thursday:18:45
Thursday:19:00
Thursday:19:15
Thursday:19:30
Thursday:19:45
Thursday:20:00
Thursday:20:15
Thursday:20:30
Sara moved to kitchen
kitchen light  light turned on
Thursday:20:45
Thursday:21:00
Nicola moved to living_room
Sara moved to living_room
kitchen light  light turned off
living_room light  light turned on
Thursday:21:15
Thursday:21:30
Thursday:21:45
Thursday:22:00
Thursday:22:15
Thursday:22:30
Thursday:22:45
Thursday:23:00
Thursday:23:15
Thursday:23:30
Thursday:23:45
Thursday:24:00
Thursday:24:15
Thursday:24:30
Thursday:24:45
Friday:00:00
Friday:00:15
Friday:00:30
Friday:00:45
Friday:01:00
Friday:01:15
Friday:01:30
Friday:01:45
Friday:02:00
Friday:02:15
Friday:02:30
Friday:02:45
Friday:03:00
Friday:03:15
Friday:03:30
Friday:03:45
Friday:04:00
Friday:04:15
Friday:04:30
Friday:04:45
Friday:05:00
Friday:05:15
Friday:05:30
Friday:05:45
Friday:06:00
thermostat status: 18
Temperature increased to:  19
thermostat status: 19
Friday:06:15
Friday:06:30
Friday:06:45
Friday:07:00
frolla moved to kitchen
cat feeder status_food: empty
cat feeder status_water: off
cat feeder cat_prossimity: true
Nicola moved to kitchen
Sara moved to kitchen
cat feeder food bowl full
cat feeder water on
living_room light  light turned off
cat feeder status_food: full_food
cat feeder status_water: on
cat feeder cat_prossimity: false
cat feeder water off
cat feeder status_water: off
Friday:07:15
Nicola moved to bathroom
Sara moved to bathroom
Friday:07:30
Friday:07:45
Friday:08:00
frolla moved to service_bathroom
Friday:08:15
Friday:08:30
Friday:08:45
Friday:09:00
Friday:09:15
Friday:09:30
Friday:09:45
Friday:10:00
Friday:10:15
Friday:10:30
Friday:10:45
Friday:11:00
Friday:11:15
Friday:11:30
Friday:11:45
Friday:12:00
Friday:12:15
Friday:12:30
Nicola moved to kitchen
Friday:12:45
Friday:13:00
Nicola moved to living_room
Friday:13:15
Friday:13:30
Friday:13:45
Friday:14:00
Friday:14:15
Friday:14:30
Friday:14:45
Friday:15:00
Friday:15:15
Friday:15:30
Friday:15:45
Friday:16:00
Friday:16:15
Friday:16:30
Friday:16:45
Friday:17:00
Friday:17:15
Friday:17:30
Friday:17:45
Friday:18:00
Friday:18:15
Friday:18:30
Friday:18:45
Friday:19:00
Friday:19:15
Friday:19:30
Nicola moved to kitchen
Sara moved to kitchen
Friday:19:45
Friday:20:00
Nicola moved to living_room
Sara moved to living_room
living_room light  light turned on
Friday:20:15
Friday:20:30
Friday:20:45
Friday:21:00
Friday:21:15
Friday:21:30
Friday:21:45
Friday:22:00
Friday:22:15
Friday:22:30
Friday:22:45
Friday:23:00
Friday:23:15
Friday:23:30
Friday:23:45
Friday:24:00
Friday:24:15
Friday:24:30
Friday:24:45
Saturday:00:00
Saturday:00:15
Saturday:00:30
Saturday:00:45
Saturday:01:00
Saturday:01:15
Saturday:01:30
Saturday:01:45
Saturday:02:00
Saturday:02:15
Saturday:02:30
Saturday:02:45
Saturday:03:00
Saturday:03:15
Saturday:03:30
Saturday:03:45
Saturday:04:00
Saturday:04:15
Saturday:04:30
Saturday:04:45
Saturday:05:00
Saturday:05:15
Saturday:05:30
Saturday:05:45
Saturday:06:00
thermostat status: 18
Temperature increased to:  19
thermostat status: 19
Saturday:06:15
Saturday:06:30
Saturday:06:45
Saturday:07:00
frolla moved to kitchen
cat feeder status_food: empty
cat feeder status_water: off
cat feeder cat_prossimity: true
cat feeder food bowl full
cat feeder water on
cat feeder status_food: full_food
cat feeder status_water: on
cat feeder cat_prossimity: false
cat feeder water off
cat feeder status_water: off
Saturday:07:15
Saturday:07:30
Saturday:07:45
Saturday:08:00
frolla moved to service_bathroom
Sara moved to kitchen
Nicola moved to kitchen
living_room light  light turned off
Saturday:08:15
Saturday:08:30
Saturday:08:45
Saturday:09:00
Saturday:09:15
Saturday:09:30
Saturday:09:45
Saturday:10:00
Saturday:10:15
Saturday:10:30
Saturday:10:45
Saturday:11:00
Saturday:11:15
Saturday:11:30
Saturday:11:45
Saturday:12:00
Saturday:12:15
Saturday:12:30
Nicola moved to kitchen
Sara moved to kitchen
Nicola moved to kitchen
Saturday:12:45
Saturday:13:00
Nicola moved to living_room
Sara moved to living_room
Nicola moved to living_room
Saturday:13:15
Saturday:13:30
Saturday:13:45
Saturday:14:00
Saturday:14:15
Saturday:14:30
Saturday:14:45
Saturday:15:00
Saturday:15:15
Saturday:15:30
Saturday:15:45
Saturday:16:00
Saturday:16:15
Saturday:16:30
Saturday:16:45
Saturday:17:00
Saturday:17:15
Saturday:17:30
Saturday:17:45
Saturday:18:00
Saturday:18:15
Saturday:18:30
Saturday:18:45
Saturday:19:00
Saturday:19:15
Saturday:19:30
Nicola moved to kitchen
Sara moved to kitchen
Saturday:19:45
Saturday:20:00
Nicola moved to living_room
Sara moved to living_room
living_room light  light turned on
Saturday:20:15
Saturday:20:30
Saturday:20:45
Saturday:21:00
Saturday:21:15
Saturday:21:30
Saturday:21:45
Saturday:22:00
Saturday:22:15
Saturday:22:30
Saturday:22:45
Saturday:23:00
Saturday:23:15
Saturday:23:30
Saturday:23:45
Saturday:24:00
Saturday:24:15
Saturday:24:30
Saturday:24:45
Sunday:00:00
Sunday:00:15
Sunday:00:30
Sunday:00:45
Sunday:01:00
Sunday:01:15
Sunday:01:30
Sunday:01:45
Sunday:02:00
Sunday:02:15
Sunday:02:30
Sunday:02:45
Sunday:03:00
Sunday:03:15
Sunday:03:30
Sunday:03:45
Sunday:04:00
Sunday:04:15
Sunday:04:30
Sunday:04:45
Sunday:05:00
Sunday:05:15
Sunday:05:30
Sunday:05:45
Sunday:06:00
thermostat status: 18
Temperature increased to:  19
thermostat status: 19
Sunday:06:15
Sunday:06:30
Sunday:06:45
Sunday:07:00
frolla moved to kitchen
cat feeder status_food: empty
cat feeder status_water: off
cat feeder cat_prossimity: true
cat feeder food bowl full
cat feeder water on
cat feeder status_food: full_food
cat feeder status_water: on
cat feeder cat_prossimity: false
cat feeder water off
cat feeder status_water: off
Sunday:07:15
Sunday:07:30
Sunday:07:45
Sunday:08:00
frolla moved to service_bathroom
Sara moved to kitchen
Nicola moved to kitchen
living_room light  light turned off
Sunday:08:15
Sunday:08:30
Sunday:08:45
Sunday:09:00
Sunday:09:15
Sunday:09:30
Sunday:09:45
Sunday:10:00
Sunday:10:15
Sunday:10:30
Sunday:10:45
Sunday:11:00
Sunday:11:15
Sunday:11:30
Sunday:11:45
Sunday:12:00
Sunday:12:15
Sunday:12:30
Nicola moved to kitchen
Sara moved to kitchen
Nicola moved to kitchen
Sunday:12:45
Sunday:13:00
Nicola moved to living_room
Sara moved to living_room
Nicola moved to living_room
Sunday:13:15
Sunday:13:30
Sunday:13:45
Sunday:14:00
Sunday:14:15
Sunday:14:30
Sunday:14:45
Sunday:15:00
Sunday:15:15
Sunday:15:30
Sunday:15:45
Sunday:16:00
Sunday:16:15
Sunday:16:30
Sunday:16:45
Sunday:17:00
Sunday:17:15
Sunday:17:30
Sunday:17:45
Sunday:18:00
Sunday:18:15
Sunday:18:30
Sunday:18:45
Sunday:19:00
Sunday:19:15
Sunday:19:30
Nicola moved to kitchen
Sara moved to kitchen
Sunday:19:45
Sunday:20:00
Nicola moved to living_room
Sara moved to living_room
living_room light  light turned on
Sunday:20:15
Sunday:20:30
Sunday:20:45
Sunday:21:00
Sunday:21:15
Sunday:21:30
Sunday:21:45
Sunday:22:00
Sunday:22:15
Sunday:22:30
Sunday:22:45
Sunday:23:00
Sunday:23:15
Sunday:23:30
Sunday:23:45
Sunday:24:00
Sunday:24:15
Sunday:24:30
Sunday:24:45
Monday:00:00
Monday:00:15
Monday:00:30
Monday:00:45
Monday:01:00
Monday:01:15
Monday:01:30
Monday:01:45
Monday:02:00
Monday:02:15
Monday:02:30
Monday:02:45
Monday:03:00
Monday:03:15
Monday:03:30
Monday:03:45
Monday:04:00
Monday:04:15
Monday:04:30
Monday:04:45
Monday:05:00
Monday:05:15
Monday:05:30
Monday:05:45
Monday:06:00
thermostat status: 18
Temperature increased to:  19
thermostat status: 19
Monday:06:15
Monday:06:30
Monday:06:45
Monday:07:00
frolla moved to kitchen
cat feeder status_food: empty
cat feeder status_water: off
cat feeder cat_prossimity: true
Nicola moved to kitchen
Sara moved to kitchen
cat feeder food bowl full
cat feeder water on
living_room light  light turned off
cat feeder status_food: full_food
cat feeder status_water: on
cat feeder cat_prossimity: false
cat feeder water off
cat feeder status_water: off
Monday:07:15
Nicola moved to bathroom
Sara moved to bathroom
Monday:07:30
Monday:07:45
Monday:08:00
frolla moved to service_bathroom
Monday:08:15
Monday:08:30
Monday:08:45
Monday:09:00
Monday:09:15
Monday:09:30
Monday:09:45
Monday:10:00
Monday:10:15
Monday:10:30
Monday:10:45
Monday:11:00
Monday:11:15
Monday:11:30
Monday:11:45
Monday:12:00
Monday:12:15
Monday:12:30
Nicola moved to kitchen
Monday:12:45
Monday:13:00
Nicola moved to living_room
Monday:13:15
Monday:13:30
Monday:13:45
Monday:14:00
Monday:14:15
Monday:14:30
Monday:14:45
Monday:15:00
Monday:15:15
Monday:15:30
Monday:15:45
Monday:16:00
Monday:16:15
Monday:16:30
Monday:16:45
Monday:17:00
Monday:17:15
Monday:17:30
Monday:17:45
Monday:18:00
Monday:18:15
Monday:18:30
Monday:18:45
Monday:19:00
Monday:19:15
Monday:19:30
Nicola moved to kitchen
Sara moved to kitchen
Monday:19:45
Monday:20:00
Nicola moved to living_room
Sara moved to living_room
living_room light  light turned on
Monday:20:15
Monday:20:30
Monday:20:45
Monday:21:00
Monday:21:15
Monday:21:30
Monday:21:45
Monday:22:00
Monday:22:15
Monday:22:30
Monday:22:45
Monday:23:00
Monday:23:15
Monday:23:30
Monday:23:45
Monday:24:00
Monday:24:15
Monday:24:30
Monday:24:45
Tuesday:00:00
Tuesday:00:15
Tuesday:00:30
Tuesday:00:45
Tuesday:01:00
Tuesday:01:15
Tuesday:01:30
Tuesday:01:45
Tuesday:02:00
Tuesday:02:15
Tuesday:02:30
Tuesday:02:45
Tuesday:03:00
Tuesday:03:15
Tuesday:03:30
Tuesday:03:45
Tuesday:04:00
Tuesday:04:15
Tuesday:04:30
Tuesday:04:45
Tuesday:05:00
Tuesday:05:15
Tuesday:05:30
Tuesday:05:45
Tuesday:06:00
thermostat status: 18
Nicola moved to kitchen
Temperature increased to:  19
kitchen light  light turned on
living_room light  light turned off
thermostat status: 19
Tuesday:06:15
Nicola moved to bathroom
kitchen light  light turned off
bathroom light  light turned on
Tuesday:06:30
Tuesday:06:45
Tuesday:07:00
frolla moved to kitchen
cat feeder status_food: empty
cat feeder status_water: off
cat feeder cat_prossimity: true
Sara moved to kitchen
cat feeder food bowl full
cat feeder water on
bathroom light  light turned off
cat feeder status_food: full_food
cat feeder status_water: on
cat feeder cat_prossimity: false
cat feeder water off
cat feeder status_water: off
Tuesday:07:15
Sara moved to bathroom
Tuesday:07:30
Tuesday:07:45
Tuesday:08:00
frolla moved to service_bathroom
Tuesday:08:15
