Monday:00:00    Temperature: 18°C
Thermostat: trying to increase temperature
Monday:00:30    Temperature: 19°C
Monday:03:00    Temperature: 18°C
Thermostat: trying to increase temperature
Monday:03:30    Temperature: 19°C
Monday:04:00    dishwasher                     Trying to use intention RetryFourTimesIntention to achieve goal RetryGoal#66[object Object]
dishwasher>RetryFourTimesIntention#67 Intention started
dishwasher                     Trying to use intention OnlinePlanning to achieve goal PddlGoal#65 goal:cleaned,not charged,not washing,not soap,free_energy energy
dishwasher>OnlinePlanning#68   Intention started
Monday:04:15    dishwasher>OnlinePlanning#68   Plan found:
dishwasher>OnlinePlanning#68   - (addnormalsoap)
dishwasher>OnlinePlanning#68   - (start energy)
dishwasher>OnlinePlanning#68   - (rinseaid energy)
dishwasher>OnlinePlanning#68   - (finish energy)
dishwasher>OnlinePlanning#68   - (discharge)
dishwasher>OnlinePlanning#68   Starting sequential step (AddNormalSoap ) Effect: soap
dishwasher>AddNormalSoap#69    Intention started
house_agent                    addNormalSoap dishwasher
house_agent                    Belief changed: soap dishwasher
dishwasher                     Belief changed: soap
dishwasher has added soap
dishwasher status: addSoap
dishwasher>AddNormalSoap#69    Intention success
dishwasher>OnlinePlanning#68   Starting sequential step (Start energy) Effect: consume_energy energy,not free_energy energy,washing
dishwasher>Start#70            Intention started
house_agent                    start energy dishwasher
house_agent                    Belief changed: consume_energy dishwasher energy
house_agent                    Belief changed: not free_energy energy
house_agent                    Belief changed: washing dishwasher
dishwasher                     Belief changed: consume_energy energy
dishwasher                     Belief changed: not free_energy energy
washingMachine                 Belief changed: not free_energy energy
dishwasher                     Belief changed: washing
Monday:04:30    dishwasher  dishwasher turned on
dishwasher status: started
dishwasher>Start#70            Intention success
house_agent>SenseConsumptionIntention#16 sense consumption status: 223.51699999999988kW
house_agent>SensePowerLoadIntention#13 sense powerload status: 500
dishwasher>OnlinePlanning#68   Starting sequential step (RinseAid energy) Effect: not cristal_to_rinse
dishwasher>RinseAid#71         Intention started
house_agent                    rinseAid energy dishwasher
house_agent                    Belief changed: not cristal_to_rinse dishwasher
dishwasher                     Belief changed: not cristal_to_rinse
dishwasher  is using rinse aid
dishwasher status: rinseAid
dishwasher>RinseAid#71         Intention success
dishwasher>OnlinePlanning#68   Starting sequential step (Finish energy) Effect: cleaned,not washing,not consume_energy energy,free_energy energy,not soap,not dried,not drying
dishwasher>Finish#72           Intention started
house_agent                    finish energy dishwasher
house_agent                    Belief changed: cleaned dishwasher
house_agent                    Belief changed: not washing dishwasher
house_agent                    Belief changed: not consume_energy dishwasher energy
house_agent                    Belief changed: free_energy energy
house_agent                    Belief changed: not soap dishwasher
dishwasher                     Belief changed: cleaned
dishwasher                     Belief changed: not washing
dishwasher                     Belief changed: not consume_energy energy
dishwasher                     Belief changed: free_energy energy
washingMachine                 Belief changed: free_energy energy
dishwasher                     Belief changed: not soap
dishwasher  dishwasher turned off
dishwasher status: finished
dishwasher>Finish#72           Intention success
house_agent>SensePowerLoadIntention#13 sense powerload status: 0
dishwasher>OnlinePlanning#68   Starting sequential step (Discharge ) Effect: not charged
dishwasher>Discharge#73        Intention started
house_agent                    discharge dishwasher
house_agent                    Belief changed: not charged dishwasher
dishwasher                     Belief changed: not charged
dishwasher has discharged dishes
dishwasher status: discharge
dishwasher>Discharge#73        Intention success
house_agent>SenseDishesIntention#11 sense dishes charge status: 0
dishwasher>OnlinePlanning#68   Intention success
dishwasher                     Succesfully used intention OnlinePlanning to achieve goal PddlGoal#65 goal:cleaned,not charged,not washing,not soap,free_energy energy
dishwasher>RetryFourTimesIntention#67 Intention success
dishwasher                     Succesfully used intention RetryFourTimesIntention to achieve goal RetryGoal#66[object Object]
Monday:06:00    Temperature: 18°C
Thermostat: trying to increase temperature
Monday:06:30    Temperature: 19°C
Monday:07:00    frolla moved to corridor
frolla moved to living_room
frolla moved to kitchen
Sara moved to corridor
Sara moved to living_room
Sara moved to kitchen
kitchen roll up shutter  lifted up
house_agent>SenseConsumptionIntention#16 sense consumption status: 223.5179999999999kW
cat feeder cat_prossimity: true
cat feeder food bowl full
cat feeder water on
cat feeder status_food: full
cat feeder status_water: on
house_agent>SenseConsumptionIntention#16 sense consumption status: 223.5189999999999kW
house_agent>SensePowerLoadIntention#13 sense powerload status: 1
cat feeder cat_prossimity: false
cat feeder status_food: empty
cat feeder water off
cat feeder status_water: off
house_agent>SensePowerLoadIntention#13 sense powerload status: 0
Monday:07:15    Sara moved to living_room
Sara moved to corridor
Sara moved to bathroom
bathroom roll up shutter  lifted up
house_agent>SenseConsumptionIntention#16 sense consumption status: 223.52299999999988kW
Temperature changed to:  20
electric scooter taken out of garage
Monday:07:30    thermostat status: 20
Nicola moved to corridor
Nicola moved to living_room
Nicola moved to kitchen
Sara moved to corridor
Sara moved to stairs
Sara moved to garage
electric scooter position: out_garage
Sara moved to outside
Thermostat: trying to increase temperature from thermostat change
towel warmer  towel warmer turned on
towel warmer status: on
house_agent>SensePersonIntention#14 sense shower intention: Nicola true
house_agent>SenseDishesIntention#11 sense dishes charge status: 1
house_agent>SenseConsumptionIntention#16 sense consumption status: 223.72299999999987kW
house_agent>SensePowerLoadIntention#13 sense powerload status: 50
Monday:07:45    Nicola will have a shower
Monday:08:00    towel warmer  towel warmer turned off
frolla moved to living_room
frolla moved to corridor
frolla moved to service_bathroom
Nicola moved to living_room
Nicola moved to corridor
Nicola moved to bathroom
towel warmer status: off
house_agent>SenseClothesIntention#12 sense clothes charge status: 5
house_agent                    Belief changed: not cleaned washingMachine
house_agent                    Belief changed: charged washingMachine
house_agent                    Belief changed: tender washingMachine
washingMachine                 Belief changed: not cleaned
washingMachine                 Belief changed: charged
washingMachine                 Belief changed: tender
house_agent>SensePersonIntention#14 sense shower intention: Nicola false
house_agent>SensePowerLoadIntention#13 sense powerload status: 0
Cat is using the litter
cat litter cat_position: in
Cat finished using the litter
cat litter status: dirty
cat litter cat_position: out
Cat litter cleaned
cat litter status: clean
house_agent>SenseConsumptionIntention#16 sense consumption status: 223.72499999999988kW
Monday:08:15    frolla moved to corridor
frolla moved to living_room
Monday:08:30    Temperature: 20°C
Monday:08:45    Nicola moved to corridor
Nicola moved to office
office roll up shutter  lifted up
house_agent>SenseConsumptionIntention#16 sense consumption status: 223.72599999999989kW
Monday:09:45    Temperature: 19°C
Thermostat: trying to increase temperature
Monday:10:30    Temperature: 20°C
Monday:12:00    Temperature: 19°C
Thermostat: trying to increase temperature
Monday:12:30    frolla moved to kitchen
Nicola moved to corridor
Nicola moved to living_room
Nicola moved to kitchen
Temperature: 20°C
cat feeder cat_prossimity: true
cat feeder food bowl full
cat feeder water on
cat feeder status_food: full
cat feeder status_water: on
house_agent>SenseConsumptionIntention#16 sense consumption status: 223.7269999999999kW
house_agent>SensePowerLoadIntention#13 sense powerload status: 1
cat feeder cat_prossimity: false
cat feeder status_food: empty
cat feeder water off
cat feeder status_water: off
house_agent>SensePowerLoadIntention#13 sense powerload status: 0
Monday:13:00    frolla moved to living_room
frolla moved to corridor
frolla moved to service_bathroom
Nicola moved to living_room
living_room roll up shutter  lifted up
house_agent>SenseConsumptionIntention#16 sense consumption status: 223.73099999999988kW
Cat is using the litter
cat litter cat_position: in
Cat finished using the litter
cat litter status: dirty
cat litter cat_position: out
Cat litter cleaned
cat litter status: clean
house_agent>SenseConsumptionIntention#16 sense consumption status: 223.7329999999999kW
Monday:13:15    frolla moved to corridor
frolla moved to living_room
Monday:13:30    Nicola moved to kitchen
house_agent>SenseDishesIntention#11 sense dishes charge status: 2
house_agent                    Belief changed: not cleaned dishwasher
house_agent                    Belief changed: charged dishwasher
dishwasher                     Belief changed: not cleaned
dishwasher                     Belief changed: charged
Monday:14:30    Nicola moved to living_room
Nicola moved to corridor
Nicola moved to office
Monday:15:00    Temperature: 19°C
Thermostat: trying to increase temperature
Monday:15:30    Temperature: 20°C
Monday:16:00    towel warmer  towel warmer turned on
towel warmer status: on
house_agent>SensePersonIntention#15 sense shower intention: Sara true
house_agent>SenseConsumptionIntention#16 sense consumption status: 223.93299999999988kW
house_agent>SensePowerLoadIntention#13 sense powerload status: 50
Monday:16:15    electric scooter in garage
Sara will have a shower
Monday:16:30    towel warmer  towel warmer turned off
electric scooter position: in_garage
electric scooter status: half_charge
Sara moved to garage
Sara moved to stairs
Sara moved to corridor
Sara moved to bathroom
towel warmer status: off
electric scooter charged
electric scooter status: full_charge
house_agent>SensePersonIntention#15 sense shower intention: Sara false
house_agent>SenseClothesIntention#12 sense clothes charge status: 6
house_agent>SensePowerLoadIntention#13 sense powerload status: 0
house_agent>SenseConsumptionIntention#16 sense consumption status: 224.07049999999987kW
Monday:17:15    Sara moved to corridor
Sara moved to living_room
Monday:18:00    Nicola moved to corridor
Nicola moved to living_room
Temperature: 19°C
Thermostat: trying to increase temperature
Monday:18:30    Temperature: 20°C
Monday:19:00    frolla moved to kitchen
living_room light  light turned on
house_agent>SenseConsumptionIntention#16 sense consumption status: 224.07449999999986kW
cat feeder cat_prossimity: true
cat feeder food bowl full
cat feeder water on
cat feeder status_food: full
cat feeder status_water: on
house_agent>SenseConsumptionIntention#16 sense consumption status: 224.07549999999986kW
house_agent>SensePowerLoadIntention#13 sense powerload status: 1
cat feeder cat_prossimity: false
cat feeder status_food: empty
cat feeder water off
cat feeder status_water: off
house_agent>SensePowerLoadIntention#13 sense powerload status: 0
Monday:19:30    frolla moved to living_room
frolla moved to corridor
frolla moved to service_bathroom
Nicola moved to kitchen
Sara moved to kitchen
kitchen light  light turned on
living_room light  light turned off
house_agent>SenseDishesIntention#11 sense dishes charge status: 3
house_agent>SenseConsumptionIntention#16 sense consumption status: 224.08249999999984kW
Cat is using the litter
cat litter cat_position: in
Cat finished using the litter
cat litter status: dirty
cat litter cat_position: out
Cat litter cleaned
cat litter status: clean
house_agent>SenseConsumptionIntention#16 sense consumption status: 224.08449999999985kW
Monday:19:45    frolla moved to corridor
frolla moved to living_room
Monday:20:30    Nicola moved to living_room
Sara moved to living_room
living_room light  light turned on
kitchen light  light turned off
house_agent>SenseConsumptionIntention#16 sense consumption status: 224.08849999999984kW
Monday:21:00    Temperature: 19°C
Thermostat: trying to increase temperature
Monday:21:30    Temperature: 20°C
Monday:22:15    Nicola moved to corridor
Nicola moved to bathroom
Sara moved to corridor
Sara moved to bathroom
bathroom light  light turned on
living_room light  light turned off
house_agent>SenseConsumptionIntention#16 sense consumption status: 224.09249999999983kW
Temperature changed to:  19
Monday:22:30    Nicola moved to corridor
Nicola moved to bedroom
thermostat status: 19
Sara moved to corridor
Sara moved to bedroom
bedroom light  light turned on
bathroom light  light turned off
house_agent>SenseConsumptionIntention#16 sense consumption status: 224.09649999999982kW
Monday:22:45    frolla moved to corridor
frolla moved to bedroom
bedroom light  light turned off
kitchen roll up shutter  lowered down
living_room roll up shutter  lowered down
bathroom roll up shutter  lowered down
office roll up shutter  lowered down
house_agent>SenseConsumptionIntention#16 sense consumption status: 224.09749999999983kW
Tuesday:00:00   Temperature: 19°C
Tuesday:00:15   Temperature: 18°C
Thermostat: trying to increase temperature
Tuesday:00:30   Temperature: 19°C
Tuesday:03:00   Temperature: 18°C
Thermostat: trying to increase temperature
Tuesday:03:30   Temperature: 19°C
Tuesday:04:00   dishwasher                     Trying to use intention RetryFourTimesIntention to achieve goal RetryGoal#73[object Object]
dishwasher>RetryFourTimesIntention#74 Intention started
dishwasher                     Trying to use intention OnlinePlanning to achieve goal PddlGoal#72 goal:cleaned,not charged,not washing,not soap,free_energy energy
dishwasher>OnlinePlanning#75   Intention started
Tuesday:04:15   dishwasher>OnlinePlanning#75   Plan found:
dishwasher>OnlinePlanning#75   - (addnormalsoap)
dishwasher>OnlinePlanning#75   - (start energy)
dishwasher>OnlinePlanning#75   - (finish energy)
dishwasher>OnlinePlanning#75   - (discharge)
dishwasher>OnlinePlanning#75   Starting sequential step (AddNormalSoap ) Effect: soap
dishwasher>AddNormalSoap#76    Intention started
house_agent                    addNormalSoap dishwasher
house_agent                    Belief changed: soap dishwasher
dishwasher                     Belief changed: soap
dishwasher has added soap
dishwasher status: addSoap
dishwasher>AddNormalSoap#76    Intention success
dishwasher>OnlinePlanning#75   Starting sequential step (Start energy) Effect: consume_energy energy,not free_energy energy,washing
dishwasher>Start#77            Intention started
house_agent                    start energy dishwasher
house_agent                    Belief changed: consume_energy dishwasher energy
house_agent                    Belief changed: not free_energy energy
house_agent                    Belief changed: washing dishwasher
dishwasher                     Belief changed: consume_energy energy
dishwasher                     Belief changed: not free_energy energy
washingMachine                 Belief changed: not free_energy energy
dishwasher                     Belief changed: washing
Tuesday:04:30   dishwasher  dishwasher turned on
dishwasher status: started
dishwasher>Start#77            Intention success
house_agent>SenseConsumptionIntention#16 sense consumption status: 226.60049999999984kW
house_agent>SensePowerLoadIntention#13 sense powerload status: 500
dishwasher>OnlinePlanning#75   Starting sequential step (Finish energy) Effect: cleaned,not washing,not consume_energy energy,free_energy energy,not soap,not dried,not drying
dishwasher>Finish#78           Intention started
house_agent                    finish energy dishwasher
house_agent                    Belief changed: cleaned dishwasher
house_agent                    Belief changed: not washing dishwasher
house_agent                    Belief changed: not consume_energy dishwasher energy
house_agent                    Belief changed: free_energy energy
house_agent                    Belief changed: not soap dishwasher
dishwasher                     Belief changed: cleaned
dishwasher                     Belief changed: not washing
dishwasher                     Belief changed: not consume_energy energy
dishwasher                     Belief changed: free_energy energy
washingMachine                 Belief changed: free_energy energy
dishwasher                     Belief changed: not soap
dishwasher  dishwasher turned off
dishwasher status: finished
dishwasher>Finish#78           Intention success
house_agent>SensePowerLoadIntention#13 sense powerload status: 0
dishwasher>OnlinePlanning#75   Starting sequential step (Discharge ) Effect: not charged
dishwasher>Discharge#79        Intention started
house_agent                    discharge dishwasher
house_agent                    Belief changed: not charged dishwasher
dishwasher                     Belief changed: not charged
dishwasher has discharged dishes
dishwasher status: discharge
dishwasher>Discharge#79        Intention success
house_agent>SenseDishesIntention#11 sense dishes charge status: 0
dishwasher>OnlinePlanning#75   Intention success
dishwasher                     Succesfully used intention OnlinePlanning to achieve goal PddlGoal#72 goal:cleaned,not charged,not washing,not soap,free_energy energy
dishwasher>RetryFourTimesIntention#74 Intention success
dishwasher                     Succesfully used intention RetryFourTimesIntention to achieve goal RetryGoal#73[object Object]
Tuesday:06:00   Nicola moved to corridor
Nicola moved to living_room
Nicola moved to kitchen
Temperature: 18°C
kitchen light  light turned on
house_agent>SenseDishesIntention#11 sense dishes charge status: 1
Thermostat: trying to increase temperature
house_agent>SenseConsumptionIntention#16 sense consumption status: 226.60449999999983kW
Tuesday:06:15   Nicola moved to living_room
Nicola moved to corridor
Nicola moved to bathroom
kitchen light  light turned off
bathroom light  light turned on
house_agent>SenseConsumptionIntention#16 sense consumption status: 226.60849999999982kW
Tuesday:06:30   Nicola moved to corridor
Nicola moved to living_room
Temperature: 19°C
living_room light  light turned on
bathroom light  light turned off
house_agent>SenseConsumptionIntention#16 sense consumption status: 226.6124999999998kW
Tuesday:07:00   frolla moved to corridor
frolla moved to living_room
frolla moved to kitchen
Sara moved to corridor
Sara moved to living_room
Sara moved to kitchen
living_room roll up shutter  lifted up
living_room light  light turned off
kitchen roll up shutter  lifted up
house_agent>SenseConsumptionIntention#16 sense consumption status: 226.61349999999982kW
cat feeder cat_prossimity: true
cat feeder food bowl full
cat feeder water on
cat feeder status_food: full
cat feeder status_water: on
house_agent>SenseConsumptionIntention#16 sense consumption status: 226.61549999999983kW
house_agent>SensePowerLoadIntention#13 sense powerload status: 1
cat feeder cat_prossimity: false
cat feeder status_food: empty
cat feeder water off
cat feeder status_water: off
house_agent>SensePowerLoadIntention#13 sense powerload status: 0
Tuesday:07:15   Sara moved to living_room
Sara moved to corridor
Sara moved to bathroom
bathroom roll up shutter  lifted up
house_agent>SenseConsumptionIntention#16 sense consumption status: 226.61949999999982kW
electric scooter taken out of garage
Tuesday:07:30   Sara moved to corridor
Sara moved to stairs
Sara moved to garage
electric scooter position: out_garage
Sara moved to outside
Tuesday:08:00   frolla moved to living_room
frolla moved to corridor
frolla moved to service_bathroom
Cat is using the litter
cat litter cat_position: in
Cat finished using the litter
cat litter status: dirty
cat litter cat_position: out
Cat litter cleaned
cat litter status: clean
house_agent>SenseConsumptionIntention#16 sense consumption status: 226.62149999999983kW
Tuesday:08:15   frolla moved to corridor
frolla moved to living_room
Tuesday:09:00   Temperature: 18°C
Thermostat: trying to increase temperature
Tuesday:09:30   Temperature: 19°C
Tuesday:12:00   Temperature: 18°C
Thermostat: trying to increase temperature
Tuesday:12:30   frolla moved to kitchen
Temperature: 19°C
cat feeder cat_prossimity: true
cat feeder food bowl full
cat feeder water on
cat feeder status_food: full
cat feeder status_water: on
house_agent>SenseConsumptionIntention#16 sense consumption status: 226.62249999999983kW
house_agent>SensePowerLoadIntention#13 sense powerload status: 1
cat feeder cat_prossimity: false
cat feeder status_food: empty
cat feeder water off
cat feeder status_water: off
house_agent>SensePowerLoadIntention#13 sense powerload status: 0
Tuesday:13:00   frolla moved to living_room
frolla moved to corridor
frolla moved to service_bathroom
Cat is using the litter
cat litter cat_position: in
Cat finished using the litter
cat litter status: dirty
cat litter cat_position: out
Cat litter cleaned
cat litter status: clean
house_agent>SenseConsumptionIntention#16 sense consumption status: 226.62749999999983kW
Tuesday:13:15   frolla moved to corridor
frolla moved to living_room
Tuesday:15:00   Temperature: 18°C
Thermostat: trying to increase temperature
Tuesday:15:30   Temperature: 19°C
Tuesday:16:00   towel warmer  towel warmer turned on
towel warmer status: on
house_agent>SensePersonIntention#15 sense shower intention: Sara true
house_agent>SenseConsumptionIntention#16 sense consumption status: 226.82749999999982kW
house_agent>SensePowerLoadIntention#13 sense powerload status: 50
Tuesday:16:15   electric scooter in garage
Sara will have a shower
Tuesday:16:30   towel warmer  towel warmer turned off
electric scooter position: in_garage
electric scooter status: half_charge
Sara moved to garage
Sara moved to stairs
Sara moved to corridor
Sara moved to bathroom
towel warmer status: off
electric scooter charged
electric scooter status: full_charge
house_agent>SensePersonIntention#15 sense shower intention: Sara false
house_agent>SenseClothesIntention#12 sense clothes charge status: 7
house_agent>SensePowerLoadIntention#13 sense powerload status: 0
house_agent>SenseConsumptionIntention#16 sense consumption status: 226.9649999999998kW
Tuesday:17:15   Sara moved to corridor
Sara moved to living_room
Tuesday:18:00   Temperature: 18°C
Thermostat: trying to increase temperature
Tuesday:18:30   Temperature: 19°C
Tuesday:19:00   frolla moved to kitchen
living_room light  light turned on
towel warmer  towel warmer turned on
towel warmer status: on
house_agent>SensePersonIntention#14 sense shower intention: Nicola true
house_agent>SenseConsumptionIntention#16 sense consumption status: 226.9689999999998kW
house_agent>SensePowerLoadIntention#13 sense powerload status: 50
cat feeder cat_prossimity: true
cat feeder food bowl full
cat feeder water on
cat feeder status_food: full
cat feeder status_water: on
house_agent>SenseConsumptionIntention#16 sense consumption status: 227.1699999999998kW
house_agent>SensePowerLoadIntention#13 sense powerload status: 51
cat feeder cat_prossimity: false
cat feeder status_food: empty
cat feeder water off
cat feeder status_water: off
house_agent>SensePowerLoadIntention#13 sense powerload status: 50
Tuesday:19:15   Nicola will have a shower
Tuesday:19:30   towel warmer  towel warmer turned off
frolla moved to living_room
frolla moved to corridor
frolla moved to service_bathroom
Nicola moved to corridor
Nicola moved to bathroom
Sara moved to kitchen
towel warmer status: off
kitchen light  light turned on
bathroom light  light turned on
kitchen light  light turned off
living_room light  light turned off
house_agent>SenseClothesIntention#12 sense clothes charge status: 8
house_agent>SensePersonIntention#14 sense shower intention: Nicola false
bathroom light  light turned off
house_agent>SenseDishesIntention#11 sense dishes charge status: 2
house_agent                    Belief changed: not cleaned dishwasher
house_agent                    Belief changed: charged dishwasher
dishwasher                     Belief changed: not cleaned
dishwasher                     Belief changed: charged
house_agent>SensePowerLoadIntention#13 sense powerload status: 0
house_agent>SenseConsumptionIntention#16 sense consumption status: 227.17699999999977kW
Cat is using the litter
cat litter cat_position: in
Cat finished using the litter
cat litter status: dirty
cat litter cat_position: out
Cat litter cleaned
cat litter status: clean
house_agent>SenseConsumptionIntention#16 sense consumption status: 227.18299999999977kW
Tuesday:19:45   frolla moved to corridor
frolla moved to living_room
kitchen light  light turned on
bathroom light  light turned on
house_agent>SenseConsumptionIntention#16 sense consumption status: 227.18699999999976kW
Tuesday:20:30   Nicola moved to corridor
Nicola moved to living_room
Sara moved to living_room
living_room light  light turned on
kitchen light  light turned off
bathroom light  light turned off
house_agent>SenseConsumptionIntention#16 sense consumption status: 227.19499999999974kW
Tuesday:21:00   Temperature: 18°C
Thermostat: trying to increase temperature
Tuesday:21:30   Temperature: 19°C
Tuesday:22:15   Nicola moved to corridor
Nicola moved to bathroom
Sara moved to corridor
Sara moved to bathroom
bathroom light  light turned on
living_room light  light turned off
house_agent>SenseConsumptionIntention#16 sense consumption status: 227.19899999999973kW
Tuesday:22:30   Nicola moved to corridor
Nicola moved to bedroom
Sara moved to corridor
Sara moved to bedroom
bedroom light  light turned on
bathroom light  light turned off
house_agent>SenseConsumptionIntention#16 sense consumption status: 227.20299999999972kW
Tuesday:22:45   frolla moved to corridor
frolla moved to bedroom
bedroom light  light turned off
kitchen roll up shutter  lowered down
living_room roll up shutter  lowered down
bathroom roll up shutter  lowered down
house_agent>SenseConsumptionIntention#16 sense consumption status: 227.20399999999972kW
Wednesday:00:00 Temperature: 18°C
Thermostat: trying to increase temperature
Wednesday:00:30 Temperature: 19°C
Wednesday:03:00 Temperature: 18°C
Thermostat: trying to increase temperature
Wednesday:03:30 Temperature: 19°C
Wednesday:04:00 dishwasher                     Trying to use intention RetryFourTimesIntention to achieve goal RetryGoal#79[object Object]
dishwasher>RetryFourTimesIntention#80 Intention started
dishwasher                     Trying to use intention OnlinePlanning to achieve goal PddlGoal#78 goal:cleaned,not charged,not washing,not soap,free_energy energy
dishwasher>OnlinePlanning#81   Intention started
Wednesday:04:15 dishwasher>OnlinePlanning#81   Plan found:
dishwasher>OnlinePlanning#81   - (addnormalsoap)
dishwasher>OnlinePlanning#81   - (start energy)
dishwasher>OnlinePlanning#81   - (finish energy)
dishwasher>OnlinePlanning#81   - (discharge)
dishwasher>OnlinePlanning#81   Starting sequential step (AddNormalSoap ) Effect: soap
dishwasher>AddNormalSoap#82    Intention started
house_agent                    addNormalSoap dishwasher
house_agent                    Belief changed: soap dishwasher
dishwasher                     Belief changed: soap
dishwasher has added soap
dishwasher status: addSoap
dishwasher>AddNormalSoap#82    Intention success
Wednesday:04:30 dishwasher>OnlinePlanning#81   Starting sequential step (Start energy) Effect: consume_energy energy,not free_energy energy,washing
dishwasher>Start#83            Intention started
house_agent                    start energy dishwasher
house_agent                    Belief changed: consume_energy dishwasher energy
house_agent                    Belief changed: not free_energy energy
house_agent                    Belief changed: washing dishwasher
dishwasher                     Belief changed: consume_energy energy
dishwasher                     Belief changed: not free_energy energy
washingMachine                 Belief changed: not free_energy energy
dishwasher                     Belief changed: washing
Wednesday:04:45 dishwasher  dishwasher turned on
dishwasher status: started
dishwasher>Start#83            Intention success
house_agent>SenseConsumptionIntention#16 sense consumption status: 229.70599999999973kW
house_agent>SensePowerLoadIntention#13 sense powerload status: 500
dishwasher>OnlinePlanning#81   Starting sequential step (Finish energy) Effect: cleaned,not washing,not consume_energy energy,free_energy energy,not soap,not dried,not drying
dishwasher>Finish#84           Intention started
house_agent                    finish energy dishwasher
house_agent                    Belief changed: cleaned dishwasher
house_agent                    Belief changed: not washing dishwasher
house_agent                    Belief changed: not consume_energy dishwasher energy
house_agent                    Belief changed: free_energy energy
house_agent                    Belief changed: not soap dishwasher
dishwasher                     Belief changed: cleaned
dishwasher                     Belief changed: not washing
dishwasher                     Belief changed: not consume_energy energy
dishwasher                     Belief changed: free_energy energy
washingMachine                 Belief changed: free_energy energy
dishwasher                     Belief changed: not soap
dishwasher  dishwasher turned off
dishwasher status: finished
dishwasher>Finish#84           Intention success
house_agent>SensePowerLoadIntention#13 sense powerload status: 0
dishwasher>OnlinePlanning#81   Starting sequential step (Discharge ) Effect: not charged
dishwasher>Discharge#85        Intention started
house_agent                    discharge dishwasher
house_agent                    Belief changed: not charged dishwasher
dishwasher                     Belief changed: not charged
dishwasher has discharged dishes
dishwasher status: discharge
dishwasher>Discharge#85        Intention success
house_agent>SenseDishesIntention#11 sense dishes charge status: 0
dishwasher>OnlinePlanning#81   Intention success
dishwasher                     Succesfully used intention OnlinePlanning to achieve goal PddlGoal#78 goal:cleaned,not charged,not washing,not soap,free_energy energy
dishwasher>RetryFourTimesIntention#80 Intention success
dishwasher                     Succesfully used intention RetryFourTimesIntention to achieve goal RetryGoal#79[object Object]
Wednesday:06:00 Nicola moved to corridor
Nicola moved to living_room
Nicola moved to kitchen
Temperature: 18°C
kitchen light  light turned on
house_agent>SenseDishesIntention#11 sense dishes charge status: 1
Thermostat: trying to increase temperature
house_agent>SenseConsumptionIntention#16 sense consumption status: 229.70999999999972kW
Wednesday:06:15 Nicola moved to living_room
Nicola moved to corridor
Nicola moved to bathroom
kitchen light  light turned off
bathroom light  light turned on
house_agent>SenseConsumptionIntention#16 sense consumption status: 229.71399999999971kW
Wednesday:06:30 Nicola moved to corridor
Nicola moved to living_room
Temperature: 19°C
living_room light  light turned on
bathroom light  light turned off
house_agent>SenseConsumptionIntention#16 sense consumption status: 229.7179999999997kW
Wednesday:07:00 frolla moved to corridor
frolla moved to living_room
frolla moved to kitchen
Sara moved to corridor
Sara moved to living_room
Sara moved to kitchen
living_room roll up shutter  lifted up
living_room light  light turned off
kitchen roll up shutter  lifted up
house_agent>SenseConsumptionIntention#16 sense consumption status: 229.7189999999997kW
cat feeder cat_prossimity: true
cat feeder food bowl full
cat feeder water on
cat feeder status_food: full
cat feeder status_water: on
house_agent>SenseConsumptionIntention#16 sense consumption status: 229.72099999999972kW
house_agent>SensePowerLoadIntention#13 sense powerload status: 1
cat feeder cat_prossimity: false
cat feeder status_food: empty
cat feeder water off
cat feeder status_water: off
house_agent>SensePowerLoadIntention#13 sense powerload status: 0
Wednesday:07:15 Sara moved to living_room
Sara moved to corridor
Sara moved to bathroom
bathroom roll up shutter  lifted up
house_agent>SenseConsumptionIntention#16 sense consumption status: 229.7249999999997kW
electric scooter taken out of garage
Wednesday:07:30 Sara moved to corridor
Sara moved to stairs
Sara moved to garage
electric scooter position: out_garage
Sara moved to outside
Wednesday:08:00 frolla moved to living_room
frolla moved to corridor
frolla moved to service_bathroom
Cat is using the litter
cat litter cat_position: in
Cat finished using the litter
cat litter status: dirty
cat litter cat_position: out
Cat litter cleaned
cat litter status: clean
house_agent>SenseConsumptionIntention#16 sense consumption status: 229.72699999999972kW
Wednesday:08:15 frolla moved to corridor
frolla moved to living_room
Wednesday:09:00 Temperature: 18°C
Thermostat: trying to increase temperature
Wednesday:09:30 Temperature: 19°C
Wednesday:12:00 Temperature: 18°C
Thermostat: trying to increase temperature
Wednesday:12:30 frolla moved to kitchen
Temperature: 19°C
cat feeder cat_prossimity: true
cat feeder food bowl full
cat feeder water on
cat feeder status_food: full
cat feeder status_water: on
house_agent>SenseConsumptionIntention#16 sense consumption status: 229.72799999999972kW
house_agent>SensePowerLoadIntention#13 sense powerload status: 1
cat feeder cat_prossimity: false
cat feeder status_food: empty
cat feeder water off
cat feeder status_water: off
house_agent>SensePowerLoadIntention#13 sense powerload status: 0
Wednesday:13:00 frolla moved to living_room
frolla moved to corridor
frolla moved to service_bathroom
Cat is using the litter
cat litter cat_position: in
Cat finished using the litter
cat litter status: dirty
cat litter cat_position: out
Cat litter cleaned
cat litter status: clean
house_agent>SenseConsumptionIntention#16 sense consumption status: 229.73299999999972kW
Wednesday:13:15 frolla moved to corridor
frolla moved to living_room
Wednesday:15:00 Temperature: 18°C
Thermostat: trying to increase temperature
Wednesday:15:30 Temperature: 19°C
Wednesday:16:00 towel warmer  towel warmer turned on
towel warmer status: on
house_agent>SensePersonIntention#15 sense shower intention: Sara true
house_agent>SenseConsumptionIntention#16 sense consumption status: 229.9329999999997kW
house_agent>SensePowerLoadIntention#13 sense powerload status: 50
Wednesday:16:15 electric scooter in garage
Sara will have a shower
Wednesday:16:30 towel warmer  towel warmer turned off
electric scooter position: in_garage
electric scooter status: half_charge
Sara moved to garage
Sara moved to stairs
Sara moved to corridor
Sara moved to bathroom
towel warmer status: off
electric scooter charged
electric scooter status: full_charge
house_agent>SensePersonIntention#15 sense shower intention: Sara false
house_agent>SenseClothesIntention#12 sense clothes charge status: 9
house_agent>SensePowerLoadIntention#13 sense powerload status: 0
house_agent>SenseConsumptionIntention#16 sense consumption status: 230.0704999999997kW
Wednesday:17:15 Sara moved to corridor
Sara moved to living_room
Wednesday:18:00 Temperature: 18°C
Thermostat: trying to increase temperature
Wednesday:18:30 Temperature: 19°C
Wednesday:19:00 frolla moved to kitchen
living_room light  light turned on
towel warmer  towel warmer turned on
towel warmer status: on
house_agent>SensePersonIntention#14 sense shower intention: Nicola true
house_agent>SenseConsumptionIntention#16 sense consumption status: 230.0744999999997kW
cat feeder cat_prossimity: true
house_agent>SensePowerLoadIntention#13 sense powerload status: 50
cat feeder food bowl full
cat feeder water on
cat feeder status_food: full
cat feeder status_water: on
house_agent>SenseConsumptionIntention#16 sense consumption status: 230.27549999999968kW
house_agent>SensePowerLoadIntention#13 sense powerload status: 51
cat feeder cat_prossimity: false
cat feeder status_food: empty
cat feeder water off
cat feeder status_water: off
house_agent>SensePowerLoadIntention#13 sense powerload status: 50
Wednesday:19:15 Nicola will have a shower
Wednesday:19:30 towel warmer  towel warmer turned off
frolla moved to living_room
frolla moved to corridor
frolla moved to service_bathroom
Nicola moved to corridor
Nicola moved to bathroom
Sara moved to kitchen
towel warmer status: off
kitchen light  light turned on
bathroom light  light turned on
kitchen light  light turned off
living_room light  light turned off
house_agent>SenseClothesIntention#12 sense clothes charge status: 10
house_agent>SensePersonIntention#14 sense shower intention: Nicola false
bathroom light  light turned off
house_agent>SenseDishesIntention#11 sense dishes charge status: 2
house_agent                    Belief changed: not cleaned dishwasher
house_agent                    Belief changed: charged dishwasher
dishwasher                     Belief changed: not cleaned
dishwasher                     Belief changed: charged
house_agent>SensePowerLoadIntention#13 sense powerload status: 0
house_agent>SenseConsumptionIntention#16 sense consumption status: 230.28249999999966kW
Cat is using the litter
cat litter cat_position: in
Cat finished using the litter
cat litter status: dirty
cat litter cat_position: out
Cat litter cleaned
cat litter status: clean
house_agent>SenseConsumptionIntention#16 sense consumption status: 230.28849999999966kW
Wednesday:19:45 frolla moved to corridor
frolla moved to living_room
kitchen light  light turned on
bathroom light  light turned on
house_agent>SenseConsumptionIntention#16 sense consumption status: 230.29249999999965kW
Wednesday:20:30 Nicola moved to corridor
Nicola moved to living_room
Sara moved to living_room
living_room light  light turned on
kitchen light  light turned off
bathroom light  light turned off
house_agent>SenseConsumptionIntention#16 sense consumption status: 230.30049999999963kW
Wednesday:21:00 Temperature: 18°C
Thermostat: trying to increase temperature
Wednesday:21:30 Temperature: 19°C
Wednesday:22:15 Nicola moved to corridor
Nicola moved to bathroom
Sara moved to corridor
Sara moved to bathroom
bathroom light  light turned on
living_room light  light turned off
house_agent>SenseConsumptionIntention#16 sense consumption status: 230.30449999999962kW
Wednesday:22:30 Nicola moved to corridor
Nicola moved to bedroom
Sara moved to corridor
Sara moved to bedroom
bedroom light  light turned on
bathroom light  light turned off
house_agent>SenseConsumptionIntention#16 sense consumption status: 230.3084999999996kW
Wednesday:22:45 frolla moved to corridor
frolla moved to bedroom
bedroom light  light turned off
kitchen roll up shutter  lowered down
living_room roll up shutter  lowered down
bathroom roll up shutter  lowered down
house_agent>SenseConsumptionIntention#16 sense consumption status: 230.30949999999962kW
Thursday:00:00  Temperature: 18°C
Thermostat: trying to increase temperature
Thursday:00:30  Temperature: 19°C
Thursday:03:00  Temperature: 18°C
Thermostat: trying to increase temperature
Thursday:03:30  Temperature: 19°C
Thursday:04:00  dishwasher                     Trying to use intention RetryFourTimesIntention to achieve goal RetryGoal#85[object Object]
dishwasher>RetryFourTimesIntention#86 Intention started
dishwasher                     Trying to use intention OnlinePlanning to achieve goal PddlGoal#84 goal:cleaned,not charged,not washing,not soap,free_energy energy
dishwasher>OnlinePlanning#87   Intention started
Thursday:04:15  dishwasher>OnlinePlanning#87   Plan found:
dishwasher>OnlinePlanning#87   - (addnormalsoap)
dishwasher>OnlinePlanning#87   - (start energy)
dishwasher>OnlinePlanning#87   - (finish energy)
dishwasher>OnlinePlanning#87   - (discharge)
dishwasher>OnlinePlanning#87   Starting sequential step (AddNormalSoap ) Effect: soap
dishwasher>AddNormalSoap#88    Intention started
house_agent                    addNormalSoap dishwasher
house_agent                    Belief changed: soap dishwasher
dishwasher                     Belief changed: soap
dishwasher has added soap
dishwasher status: addSoap
dishwasher>AddNormalSoap#88    Intention success
dishwasher>OnlinePlanning#87   Starting sequential step (Start energy) Effect: consume_energy energy,not free_energy energy,washing
dishwasher>Start#89            Intention started
house_agent                    start energy dishwasher
house_agent                    Belief changed: consume_energy dishwasher energy
house_agent                    Belief changed: not free_energy energy
house_agent                    Belief changed: washing dishwasher
dishwasher                     Belief changed: consume_energy energy
dishwasher                     Belief changed: not free_energy energy
washingMachine                 Belief changed: not free_energy energy
dishwasher                     Belief changed: washing
Thursday:04:30  dishwasher  dishwasher turned on
dishwasher status: started
dishwasher>Start#89            Intention success
house_agent>SenseConsumptionIntention#16 sense consumption status: 232.81149999999963kW
house_agent>SensePowerLoadIntention#13 sense powerload status: 500
dishwasher>OnlinePlanning#87   Starting sequential step (Finish energy) Effect: cleaned,not washing,not consume_energy energy,free_energy energy,not soap,not dried,not drying
dishwasher>Finish#90           Intention started
house_agent                    finish energy dishwasher
house_agent                    Belief changed: cleaned dishwasher
house_agent                    Belief changed: not washing dishwasher
house_agent                    Belief changed: not consume_energy dishwasher energy
house_agent                    Belief changed: free_energy energy
house_agent                    Belief changed: not soap dishwasher
dishwasher                     Belief changed: cleaned
dishwasher                     Belief changed: not washing
dishwasher                     Belief changed: not consume_energy energy
dishwasher                     Belief changed: free_energy energy
washingMachine                 Belief changed: free_energy energy
dishwasher                     Belief changed: not soap
dishwasher  dishwasher turned off
dishwasher status: finished
dishwasher>Finish#90           Intention success
house_agent>SensePowerLoadIntention#13 sense powerload status: 0
dishwasher>OnlinePlanning#87   Starting sequential step (Discharge ) Effect: not charged
dishwasher>Discharge#91        Intention started
house_agent                    discharge dishwasher
house_agent                    Belief changed: not charged dishwasher
dishwasher                     Belief changed: not charged
dishwasher has discharged dishes
dishwasher status: discharge
dishwasher>Discharge#91        Intention success
house_agent>SenseDishesIntention#11 sense dishes charge status: 0
dishwasher>OnlinePlanning#87   Intention success
dishwasher                     Succesfully used intention OnlinePlanning to achieve goal PddlGoal#84 goal:cleaned,not charged,not washing,not soap,free_energy energy
dishwasher>RetryFourTimesIntention#86 Intention success
dishwasher                     Succesfully used intention RetryFourTimesIntention to achieve goal RetryGoal#85[object Object]
Thursday:06:00  Nicola moved to corridor
Nicola moved to living_room
Nicola moved to kitchen
Temperature: 18°C
kitchen light  light turned on
house_agent>SenseDishesIntention#11 sense dishes charge status: 1
Thermostat: trying to increase temperature
house_agent>SenseConsumptionIntention#16 sense consumption status: 232.81549999999962kW
Thursday:06:15  Nicola moved to living_room
Nicola moved to corridor
Nicola moved to bathroom
kitchen light  light turned off
bathroom light  light turned on
house_agent>SenseConsumptionIntention#16 sense consumption status: 232.8194999999996kW
Thursday:06:30  Nicola moved to corridor
Nicola moved to living_room
Temperature: 19°C
living_room light  light turned on
bathroom light  light turned off
house_agent>SenseConsumptionIntention#16 sense consumption status: 232.8234999999996kW
Thursday:07:00  frolla moved to corridor
frolla moved to living_room
frolla moved to kitchen
Sara moved to corridor
Sara moved to living_room
Sara moved to kitchen
living_room roll up shutter  lifted up
living_room light  light turned off
kitchen roll up shutter  lifted up
house_agent>SenseConsumptionIntention#16 sense consumption status: 232.8244999999996kW
cat feeder cat_prossimity: true
cat feeder food bowl full
cat feeder water on
cat feeder status_food: full
cat feeder status_water: on
house_agent>SenseConsumptionIntention#16 sense consumption status: 232.8264999999996kW
house_agent>SensePowerLoadIntention#13 sense powerload status: 1
cat feeder cat_prossimity: false
cat feeder status_food: empty
cat feeder water off
cat feeder status_water: off
house_agent>SensePowerLoadIntention#13 sense powerload status: 0
Thursday:07:15  Sara moved to living_room
Sara moved to corridor
Sara moved to bathroom
bathroom roll up shutter  lifted up
house_agent>SenseConsumptionIntention#16 sense consumption status: 232.8304999999996kW
electric scooter taken out of garage
Thursday:07:30  Sara moved to corridor
Sara moved to stairs
Sara moved to garage
electric scooter position: out_garage
Sara moved to outside
Thursday:08:00  frolla moved to living_room
frolla moved to corridor
frolla moved to service_bathroom
Cat is using the litter
cat litter cat_position: in
Cat finished using the litter
cat litter status: dirty
cat litter cat_position: out
Cat litter cleaned
cat litter status: clean
house_agent>SenseConsumptionIntention#16 sense consumption status: 232.8324999999996kW
Thursday:08:15  frolla moved to corridor
frolla moved to living_room
Thursday:09:00  Temperature: 18°C
Thermostat: trying to increase temperature
Thursday:09:30  Temperature: 19°C
Thursday:12:00  Temperature: 18°C
Thermostat: trying to increase temperature
Thursday:12:30  frolla moved to kitchen
Temperature: 19°C
cat feeder cat_prossimity: true
cat feeder food bowl full
cat feeder water on
cat feeder status_food: full
cat feeder status_water: on
house_agent>SenseConsumptionIntention#16 sense consumption status: 232.83349999999962kW
house_agent>SensePowerLoadIntention#13 sense powerload status: 1
cat feeder cat_prossimity: false
cat feeder status_food: empty
cat feeder water off
cat feeder status_water: off
house_agent>SensePowerLoadIntention#13 sense powerload status: 0
Thursday:13:00  frolla moved to living_room
frolla moved to corridor
frolla moved to service_bathroom
Cat is using the litter
cat litter cat_position: in
Cat finished using the litter
cat litter status: dirty
cat litter cat_position: out
Cat litter cleaned
cat litter status: clean
house_agent>SenseConsumptionIntention#16 sense consumption status: 232.8384999999996kW
Thursday:13:15  frolla moved to corridor
frolla moved to living_room
Thursday:15:00  Temperature: 18°C
Thermostat: trying to increase temperature
Thursday:15:30  Temperature: 19°C
Thursday:16:00  towel warmer  towel warmer turned on
towel warmer status: on
house_agent>SensePersonIntention#15 sense shower intention: Sara true
house_agent>SenseConsumptionIntention#16 sense consumption status: 233.0384999999996kW
house_agent>SensePowerLoadIntention#13 sense powerload status: 50
Thursday:16:15  electric scooter in garage
Sara will have a shower
Thursday:16:30  towel warmer  towel warmer turned off
electric scooter position: in_garage
electric scooter status: half_charge
Sara moved to garage
Sara moved to stairs
Sara moved to corridor
Sara moved to bathroom
towel warmer status: off
electric scooter charged
electric scooter status: full_charge
house_agent>SensePersonIntention#15 sense shower intention: Sara false
house_agent>SenseClothesIntention#12 sense clothes charge status: 11
house_agent>SensePowerLoadIntention#13 sense powerload status: 0
house_agent>SenseConsumptionIntention#16 sense consumption status: 233.1759999999996kW
Thursday:17:15  Sara moved to corridor
Sara moved to living_room
Thursday:18:00  Temperature: 18°C
Thermostat: trying to increase temperature
Thursday:18:30  Temperature: 19°C
Thursday:19:00  frolla moved to kitchen
living_room light  light turned on
towel warmer  towel warmer turned on
towel warmer status: on
house_agent>SensePersonIntention#14 sense shower intention: Nicola true
house_agent>SenseConsumptionIntention#16 sense consumption status: 233.17999999999958kW
house_agent>SensePowerLoadIntention#13 sense powerload status: 50
cat feeder cat_prossimity: true
cat feeder food bowl full
cat feeder water on
cat feeder status_food: full
cat feeder status_water: on
house_agent>SenseConsumptionIntention#16 sense consumption status: 233.38099999999957kW
house_agent>SensePowerLoadIntention#13 sense powerload status: 51
cat feeder cat_prossimity: false
cat feeder status_food: empty
cat feeder water off
cat feeder status_water: off
house_agent>SensePowerLoadIntention#13 sense powerload status: 50
Thursday:19:15  Nicola will have a shower
Thursday:19:30  towel warmer  towel warmer turned off
frolla moved to living_room
frolla moved to corridor
frolla moved to service_bathroom
Nicola moved to corridor
Nicola moved to bathroom
Sara moved to kitchen
towel warmer status: off
kitchen light  light turned on
bathroom light  light turned on
kitchen light  light turned off
living_room light  light turned off
house_agent>SenseClothesIntention#12 sense clothes charge status: 12
house_agent>SensePersonIntention#14 sense shower intention: Nicola false
bathroom light  light turned off
house_agent>SenseDishesIntention#11 sense dishes charge status: 2
house_agent                    Belief changed: not cleaned dishwasher
house_agent                    Belief changed: charged dishwasher
dishwasher                     Belief changed: not cleaned
dishwasher                     Belief changed: charged
house_agent>SensePowerLoadIntention#13 sense powerload status: 0
house_agent>SenseConsumptionIntention#16 sense consumption status: 233.38799999999955kW
Cat is using the litter
cat litter cat_position: in
Cat finished using the litter
cat litter status: dirty
cat litter cat_position: out
Cat litter cleaned
cat litter status: clean
house_agent>SenseConsumptionIntention#16 sense consumption status: 233.39399999999955kW
Thursday:19:45  frolla moved to corridor
frolla moved to living_room
kitchen light  light turned on
bathroom light  light turned on
house_agent>SenseConsumptionIntention#16 sense consumption status: 233.39799999999954kW
Thursday:20:30  Nicola moved to corridor
Nicola moved to living_room
Sara moved to living_room
living_room light  light turned on
kitchen light  light turned off
bathroom light  light turned off
house_agent>SenseConsumptionIntention#16 sense consumption status: 233.40599999999952kW
Thursday:21:00  Temperature: 18°C
Thermostat: trying to increase temperature
Thursday:21:30  Temperature: 19°C
Thursday:22:15  Nicola moved to corridor
Nicola moved to bathroom
Sara moved to corridor
Sara moved to bathroom
bathroom light  light turned on
living_room light  light turned off
house_agent>SenseConsumptionIntention#16 sense consumption status: 233.4099999999995kW
Thursday:22:30  Nicola moved to corridor
Nicola moved to bedroom
Sara moved to corridor
Sara moved to bedroom
bedroom light  light turned on
bathroom light  light turned off
house_agent>SenseConsumptionIntention#16 sense consumption status: 233.4139999999995kW
Thursday:22:45  frolla moved to corridor
frolla moved to bedroom
bedroom light  light turned off
kitchen roll up shutter  lowered down
living_room roll up shutter  lowered down
bathroom roll up shutter  lowered down
house_agent>SenseConsumptionIntention#16 sense consumption status: 233.4149999999995kW
Friday:00:00    Temperature: 18°C
Thermostat: trying to increase temperature
Friday:00:30    Temperature: 19°C
Friday:03:00    Temperature: 18°C
Thermostat: trying to increase temperature
Friday:03:30    Temperature: 19°C
Friday:04:00    dishwasher                     Trying to use intention RetryFourTimesIntention to achieve goal RetryGoal#91[object Object]
dishwasher>RetryFourTimesIntention#92 Intention started
dishwasher                     Trying to use intention OnlinePlanning to achieve goal PddlGoal#90 goal:cleaned,not charged,not washing,not soap,free_energy energy
dishwasher>OnlinePlanning#93   Intention started
Friday:04:15    dishwasher>OnlinePlanning#93   Plan found:
dishwasher>OnlinePlanning#93   - (addnormalsoap)
dishwasher>OnlinePlanning#93   - (start energy)
dishwasher>OnlinePlanning#93   - (finish energy)
dishwasher>OnlinePlanning#93   - (discharge)
dishwasher>OnlinePlanning#93   Starting sequential step (AddNormalSoap ) Effect: soap
dishwasher>AddNormalSoap#94    Intention started
house_agent                    addNormalSoap dishwasher
house_agent                    Belief changed: soap dishwasher
dishwasher                     Belief changed: soap
dishwasher has added soap
dishwasher status: addSoap
dishwasher>AddNormalSoap#94    Intention success
dishwasher>OnlinePlanning#93   Starting sequential step (Start energy) Effect: consume_energy energy,not free_energy energy,washing
dishwasher>Start#95            Intention started
house_agent                    start energy dishwasher
house_agent                    Belief changed: consume_energy dishwasher energy
house_agent                    Belief changed: not free_energy energy
house_agent                    Belief changed: washing dishwasher
dishwasher                     Belief changed: consume_energy energy
dishwasher                     Belief changed: not free_energy energy
washingMachine                 Belief changed: not free_energy energy
dishwasher                     Belief changed: washing
Friday:04:30    dishwasher  dishwasher turned on
dishwasher status: started
dishwasher>Start#95            Intention success
house_agent>SenseConsumptionIntention#16 sense consumption status: 235.91699999999952kW
house_agent>SensePowerLoadIntention#13 sense powerload status: 500
dishwasher>OnlinePlanning#93   Starting sequential step (Finish energy) Effect: cleaned,not washing,not consume_energy energy,free_energy energy,not soap,not dried,not drying
dishwasher>Finish#96           Intention started
house_agent                    finish energy dishwasher
house_agent                    Belief changed: cleaned dishwasher
house_agent                    Belief changed: not washing dishwasher
house_agent                    Belief changed: not consume_energy dishwasher energy
house_agent                    Belief changed: free_energy energy
house_agent                    Belief changed: not soap dishwasher
dishwasher                     Belief changed: cleaned
dishwasher                     Belief changed: not washing
dishwasher                     Belief changed: not consume_energy energy
dishwasher                     Belief changed: free_energy energy
washingMachine                 Belief changed: free_energy energy
dishwasher                     Belief changed: not soap
dishwasher  dishwasher turned off
dishwasher status: finished
dishwasher>Finish#96           Intention success
house_agent>SensePowerLoadIntention#13 sense powerload status: 0
dishwasher>OnlinePlanning#93   Starting sequential step (Discharge ) Effect: not charged
dishwasher>Discharge#97        Intention started
house_agent                    discharge dishwasher
house_agent                    Belief changed: not charged dishwasher
dishwasher                     Belief changed: not charged
dishwasher has discharged dishes
dishwasher status: discharge
dishwasher>Discharge#97        Intention success
house_agent>SenseDishesIntention#11 sense dishes charge status: 0
dishwasher>OnlinePlanning#93   Intention success
dishwasher                     Succesfully used intention OnlinePlanning to achieve goal PddlGoal#90 goal:cleaned,not charged,not washing,not soap,free_energy energy
dishwasher>RetryFourTimesIntention#92 Intention success
dishwasher                     Succesfully used intention RetryFourTimesIntention to achieve goal RetryGoal#91[object Object]
Friday:06:00    Temperature: 18°C
Thermostat: trying to increase temperature
Friday:06:30    Temperature: 19°C
Friday:07:00    frolla moved to corridor
frolla moved to living_room
frolla moved to kitchen
Sara moved to corridor
Sara moved to living_room
Sara moved to kitchen
kitchen roll up shutter  lifted up
house_agent>SenseConsumptionIntention#16 sense consumption status: 235.91799999999952kW
cat feeder cat_prossimity: true
cat feeder food bowl full
cat feeder water on
cat feeder status_food: full
cat feeder status_water: on
house_agent>SenseConsumptionIntention#16 sense consumption status: 235.91899999999953kW
house_agent>SensePowerLoadIntention#13 sense powerload status: 1
cat feeder cat_prossimity: false
cat feeder status_food: empty
cat feeder water off
cat feeder status_water: off
house_agent>SensePowerLoadIntention#13 sense powerload status: 0
Friday:07:15    Sara moved to living_room
Sara moved to corridor
Sara moved to bathroom
bathroom roll up shutter  lifted up
house_agent>SenseConsumptionIntention#16 sense consumption status: 235.92299999999952kW
Temperature changed to:  20
electric scooter taken out of garage
Friday:07:30    thermostat status: 20
Nicola moved to corridor
Nicola moved to living_room
Nicola moved to kitchen
Sara moved to corridor
Sara moved to stairs
Sara moved to garage
electric scooter position: out_garage
Sara moved to outside
Thermostat: trying to increase temperature from thermostat change
towel warmer  towel warmer turned on
towel warmer status: on
house_agent>SensePersonIntention#14 sense shower intention: Nicola true
house_agent>SenseDishesIntention#11 sense dishes charge status: 1
house_agent>SenseConsumptionIntention#16 sense consumption status: 236.1229999999995kW
house_agent>SensePowerLoadIntention#13 sense powerload status: 50
Friday:07:45    Nicola will have a shower
Friday:08:00    towel warmer  towel warmer turned off
frolla moved to living_room
frolla moved to corridor
frolla moved to service_bathroom
Nicola moved to living_room
Nicola moved to corridor
Nicola moved to bathroom
towel warmer status: off
house_agent>SenseClothesIntention#12 sense clothes charge status: 13
house_agent>SensePersonIntention#14 sense shower intention: Nicola false
house_agent>SensePowerLoadIntention#13 sense powerload status: 0
Cat is using the litter
cat litter cat_position: in
Cat finished using the litter
cat litter status: dirty
cat litter cat_position: out
Cat litter cleaned
cat litter status: clean
house_agent>SenseConsumptionIntention#16 sense consumption status: 236.12499999999952kW
Friday:08:15    frolla moved to corridor
frolla moved to living_room
Friday:08:30    Temperature: 20°C
Friday:08:45    Nicola moved to corridor
Nicola moved to office
office roll up shutter  lifted up
house_agent>SenseConsumptionIntention#16 sense consumption status: 236.12599999999952kW
Friday:09:45    Temperature: 19°C
Thermostat: trying to increase temperature
Friday:10:30    Temperature: 20°C
Friday:12:00    Temperature: 19°C
Thermostat: trying to increase temperature
Friday:12:30    frolla moved to kitchen
Nicola moved to corridor
Nicola moved to living_room
Nicola moved to kitchen
Temperature: 20°C
cat feeder cat_prossimity: true
cat feeder food bowl full
cat feeder water on
cat feeder status_food: full
cat feeder status_water: on
house_agent>SenseConsumptionIntention#16 sense consumption status: 236.12699999999953kW
house_agent>SensePowerLoadIntention#13 sense powerload status: 1
cat feeder cat_prossimity: false
cat feeder status_food: empty
cat feeder water off
cat feeder status_water: off
house_agent>SensePowerLoadIntention#13 sense powerload status: 0
Friday:13:00    frolla moved to living_room
frolla moved to corridor
frolla moved to service_bathroom
Nicola moved to living_room
living_room roll up shutter  lifted up
house_agent>SenseConsumptionIntention#16 sense consumption status: 236.13099999999952kW
Cat is using the litter
cat litter cat_position: in
Cat finished using the litter
cat litter status: dirty
cat litter cat_position: out
Cat litter cleaned
cat litter status: clean
house_agent>SenseConsumptionIntention#16 sense consumption status: 236.13299999999953kW
Friday:13:15    frolla moved to corridor
frolla moved to living_room
Friday:13:30    Nicola moved to kitchen
house_agent>SenseDishesIntention#11 sense dishes charge status: 2
house_agent                    Belief changed: not cleaned dishwasher
house_agent                    Belief changed: charged dishwasher
dishwasher                     Belief changed: not cleaned
dishwasher                     Belief changed: charged
Friday:14:30    Nicola moved to living_room
Nicola moved to corridor
Nicola moved to office
Friday:15:00    Temperature: 19°C
Thermostat: trying to increase temperature
Friday:15:30    Temperature: 20°C
Friday:16:00    towel warmer  towel warmer turned on
towel warmer status: on
house_agent>SensePersonIntention#15 sense shower intention: Sara true
house_agent>SenseConsumptionIntention#16 sense consumption status: 236.33299999999952kW
house_agent>SensePowerLoadIntention#13 sense powerload status: 50
Friday:16:15    electric scooter in garage
Sara will have a shower
Friday:16:30    towel warmer  towel warmer turned off
electric scooter position: in_garage
electric scooter status: half_charge
Sara moved to garage
Sara moved to stairs
Sara moved to corridor
Sara moved to bathroom
towel warmer status: off
electric scooter charged
electric scooter status: full_charge
house_agent>SensePersonIntention#15 sense shower intention: Sara false
house_agent>SenseClothesIntention#12 sense clothes charge status: 14
house_agent>SensePowerLoadIntention#13 sense powerload status: 0
house_agent>SenseConsumptionIntention#16 sense consumption status: 236.4704999999995kW
Friday:17:15    Sara moved to corridor
Sara moved to living_room
Friday:18:00    Nicola moved to corridor
Nicola moved to living_room
Temperature: 19°C
Thermostat: trying to increase temperature
Friday:18:30    Temperature: 20°C
Friday:19:00    frolla moved to kitchen
living_room light  light turned on
house_agent>SenseConsumptionIntention#16 sense consumption status: 236.4744999999995kW
cat feeder cat_prossimity: true
cat feeder food bowl full
cat feeder water on
cat feeder status_food: full
cat feeder status_water: on
house_agent>SenseConsumptionIntention#16 sense consumption status: 236.4754999999995kW
house_agent>SensePowerLoadIntention#13 sense powerload status: 1
cat feeder cat_prossimity: false
cat feeder status_food: empty
cat feeder water off
cat feeder status_water: off
house_agent>SensePowerLoadIntention#13 sense powerload status: 0
Friday:19:30    frolla moved to living_room
frolla moved to corridor
frolla moved to service_bathroom
Nicola moved to kitchen
Sara moved to kitchen
kitchen light  light turned on
living_room light  light turned off
house_agent>SenseDishesIntention#11 sense dishes charge status: 3
house_agent>SenseConsumptionIntention#16 sense consumption status: 236.48249999999948kW
Cat is using the litter
cat litter cat_position: in
Cat finished using the litter
cat litter status: dirty
cat litter cat_position: out
Cat litter cleaned
cat litter status: clean
house_agent>SenseConsumptionIntention#16 sense consumption status: 236.48449999999949kW
Friday:19:45    frolla moved to corridor
frolla moved to living_room
Friday:20:30    Nicola moved to living_room
Sara moved to living_room
living_room light  light turned on
kitchen light  light turned off
house_agent>SenseConsumptionIntention#16 sense consumption status: 236.48849999999948kW
Friday:21:00    Temperature: 19°C
Thermostat: trying to increase temperature
Friday:21:30    Temperature: 20°C
Friday:22:15    Nicola moved to corridor
Nicola moved to bathroom
Sara moved to corridor
Sara moved to bathroom
bathroom light  light turned on
living_room light  light turned off
house_agent>SenseConsumptionIntention#16 sense consumption status: 236.49249999999947kW
Temperature changed to:  19
Friday:22:30    Nicola moved to corridor
Nicola moved to bedroom
thermostat status: 19
Sara moved to corridor
Sara moved to bedroom
bedroom light  light turned on
bathroom light  light turned off
house_agent>SenseConsumptionIntention#16 sense consumption status: 236.49649999999946kW
Friday:22:45    frolla moved to corridor
frolla moved to bedroom
bedroom light  light turned off
kitchen roll up shutter  lowered down
living_room roll up shutter  lowered down
bathroom roll up shutter  lowered down
office roll up shutter  lowered down
house_agent>SenseConsumptionIntention#16 sense consumption status: 236.49749999999946kW
Saturday:00:00  Temperature: 19°C
Saturday:00:15  Temperature: 18°C
Thermostat: trying to increase temperature
Saturday:00:30  Temperature: 19°C
Saturday:02:00  washingMachine                 Trying to use intention RetryFourTimesIntention to achieve goal RetryGoal#97[object Object]
washingMachine>RetryFourTimesIntention#98 Intention started
washingMachine                 Trying to use intention OnlinePlanning to achieve goal PddlGoal#96 goal:cleaned,not charged,not washing,not soap,dried
washingMachine>OnlinePlanning#99 Intention started
dishwasher                     Trying to use intention RetryFourTimesIntention to achieve goal RetryGoal#99[object Object]
dishwasher>RetryFourTimesIntention#100 Intention started
dishwasher                     Trying to use intention OnlinePlanning to achieve goal PddlGoal#98 goal:cleaned,not charged,not washing,not soap,free_energy energy
dishwasher>OnlinePlanning#101  Intention started
Saturday:02:30  dishwasher>OnlinePlanning#101  Plan found:
dishwasher>OnlinePlanning#101  - (addnormalsoap)
dishwasher>OnlinePlanning#101  - (start energy)
dishwasher>OnlinePlanning#101  - (finish energy)
dishwasher>OnlinePlanning#101  - (discharge)
washingMachine>OnlinePlanning#99 Plan found:
washingMachine>OnlinePlanning#99 - (addtendersoap)
washingMachine>OnlinePlanning#99 - (start energy)
washingMachine>OnlinePlanning#99 - (finish energy)
washingMachine>OnlinePlanning#99 - (startdry energy)
washingMachine>OnlinePlanning#99 - (finishdry energy)
washingMachine>OnlinePlanning#99 - (discharge)
dishwasher>OnlinePlanning#101  Starting sequential step (AddNormalSoap ) Effect: soap
dishwasher>AddNormalSoap#102   Intention started
house_agent                    addNormalSoap dishwasher
house_agent                    Belief changed: soap dishwasher
dishwasher                     Belief changed: soap
washingMachine>OnlinePlanning#99 Starting sequential step (AddTenderSoap ) Effect: soap
washingMachine>AddTenderSoap#106 Intention started
house_agent                    addTenderSoap washingMachine
house_agent                    Belief changed: soap washingMachine
washingMachine                 Belief changed: soap
dishwasher has added soap
dishwasher status: addSoap
washing machine has added tender soap
washing machine status: addTenderSoap
dishwasher>AddNormalSoap#102   Intention success
washingMachine>AddTenderSoap#106 Intention success
dishwasher>OnlinePlanning#101  Starting sequential step (Start energy) Effect: consume_energy energy,not free_energy energy,washing
dishwasher>Start#103           Intention started
house_agent                    start energy dishwasher
house_agent                    Belief changed: consume_energy dishwasher energy
house_agent                    Belief changed: not free_energy energy
house_agent                    Belief changed: washing dishwasher
dishwasher                     Belief changed: consume_energy energy
dishwasher                     Belief changed: not free_energy energy
washingMachine                 Belief changed: not free_energy energy
dishwasher                     Belief changed: washing
washingMachine>OnlinePlanning#99 Starting sequential step (Start energy) Effect: consume_energy energy,not free_energy energy,washing
washingMachine>Start#107       Intention started
house_agent                    start energy washingMachine
house_agent                    house_agent.start failed: pddl precondition not valid
washingMachine>Start#107       Intention failed: pddl precondition not valid
washingMachine>OnlinePlanning#99 Intention failed: pddl precondition not valid
washingMachine                 Failed to use intention OnlinePlanning to achieve goal PddlGoal#96 goal:cleaned,not charged,not washing,not soap,dried: pddl precondition not valid
washingMachine                 Error: pddl precondition not valid
    at Agent.house_agent.start (/Users/camir/Documents/Cami/UNIVERSITA/MAGISTRALE/Y_1_S_2/ASA/Project/Assignment2/src/myworld/Scenario1.js:50:23)
    at Start.exec (/Users/camir/Documents/Cami/UNIVERSITA/MAGISTRALE/Y_1_S_2/ASA/Project/Assignment2/src/myworld/Scenario1.js:215:27)
    at exec.next (<anonymous>)
    at Start.run (/Users/camir/Documents/Cami/UNIVERSITA/MAGISTRALE/Y_1_S_2/ASA/Project/Assignment2/src/utils/Intention.js:76:66)
    at OnlinePlanning.exec (/Users/camir/Documents/Cami/UNIVERSITA/MAGISTRALE/Y_1_S_2/ASA/Project/Assignment2/src/pddl/OnlinePlanner.js:112:36)
    at exec.next (<anonymous>)
    at OnlinePlanning.run (/Users/camir/Documents/Cami/UNIVERSITA/MAGISTRALE/Y_1_S_2/ASA/Project/Assignment2/src/utils/Intention.js:76:66)
    at async Agent.postSubGoal (/Users/camir/Documents/Cami/UNIVERSITA/MAGISTRALE/Y_1_S_2/ASA/Project/Assignment2/src/utils/Agent.js:68:27)
washingMachine                 No success in achieving goal PddlGoal#96 goal:cleaned,not charged,not washing,not soap,dried
washingMachine>RetryFourTimesIntention#98 wait for something to change on beliefset before retrying for the 2th time goal PddlGoal#96 goal:cleaned,not charged,not washing,not soap,dried
Saturday:02:45  dishwasher  dishwasher turned on
dishwasher status: started
dishwasher>Start#103           Intention success
house_agent>SenseConsumptionIntention#16 sense consumption status: 239.00049999999948kW
house_agent>SensePowerLoadIntention#13 sense powerload status: 500
dishwasher>OnlinePlanning#101  Starting sequential step (Finish energy) Effect: cleaned,not washing,not consume_energy energy,free_energy energy,not soap,not dried,not drying
dishwasher>Finish#104          Intention started
house_agent                    finish energy dishwasher
house_agent                    Belief changed: cleaned dishwasher
house_agent                    Belief changed: not washing dishwasher
house_agent                    Belief changed: not consume_energy dishwasher energy
house_agent                    Belief changed: free_energy energy
house_agent                    Belief changed: not soap dishwasher
dishwasher                     Belief changed: cleaned
dishwasher                     Belief changed: not washing
dishwasher                     Belief changed: not consume_energy energy
dishwasher                     Belief changed: free_energy energy
washingMachine                 Belief changed: free_energy energy
dishwasher                     Belief changed: not soap
dishwasher  dishwasher turned off
dishwasher status: finished
washingMachine                 Trying to use intention OnlinePlanning to achieve goal PddlGoal#96 goal:cleaned,not charged,not washing,not soap,dried
washingMachine>OnlinePlanning#112 Intention started
dishwasher>Finish#104          Intention success
house_agent>SensePowerLoadIntention#13 sense powerload status: 0
dishwasher>OnlinePlanning#101  Starting sequential step (Discharge ) Effect: not charged
dishwasher>Discharge#105       Intention started
house_agent                    discharge dishwasher
house_agent                    Belief changed: not charged dishwasher
dishwasher                     Belief changed: not charged
dishwasher has discharged dishes
dishwasher status: discharge
dishwasher>Discharge#105       Intention success
house_agent>SenseDishesIntention#11 sense dishes charge status: 0
dishwasher>OnlinePlanning#101  Intention success
dishwasher                     Succesfully used intention OnlinePlanning to achieve goal PddlGoal#98 goal:cleaned,not charged,not washing,not soap,free_energy energy
dishwasher>RetryFourTimesIntention#100 Intention success
dishwasher                     Succesfully used intention RetryFourTimesIntention to achieve goal RetryGoal#99[object Object]
Saturday:03:00  Temperature: 18°C
Thermostat: trying to increase temperature
washingMachine>OnlinePlanning#112 Plan found:
washingMachine>OnlinePlanning#112 - (start energy)
washingMachine>OnlinePlanning#112 - (finish energy)
washingMachine>OnlinePlanning#112 - (startdry energy)
washingMachine>OnlinePlanning#112 - (finishdry energy)
washingMachine>OnlinePlanning#112 - (discharge)
washingMachine>OnlinePlanning#112 Starting sequential step (Start energy) Effect: consume_energy energy,not free_energy energy,washing
washingMachine>Start#113       Intention started
house_agent                    start energy washingMachine
house_agent                    Belief changed: consume_energy washingMachine energy
house_agent                    Belief changed: not free_energy energy
house_agent                    Belief changed: washing washingMachine
washingMachine                 Belief changed: consume_energy energy
dishwasher                     Belief changed: not free_energy energy
washingMachine                 Belief changed: not free_energy energy
washingMachine                 Belief changed: washing
Saturday:03:15  washing machine washing machine turned on
washing machine status: started
washingMachine>Start#113       Intention success
house_agent>SenseConsumptionIntention#16 sense consumption status: 439.0004999999995kW
house_agent>SensePowerLoadIntention#13 sense powerload status: 500
washingMachine>OnlinePlanning#112 Starting sequential step (Finish energy) Effect: cleaned,not washing,not consume_energy energy,free_energy energy,not soap,not dried,not drying
washingMachine>Finish#114      Intention started
house_agent                    finish energy washingMachine
house_agent                    Belief changed: cleaned washingMachine
house_agent                    Belief changed: not washing washingMachine
house_agent                    Belief changed: not consume_energy washingMachine energy
house_agent                    Belief changed: free_energy energy
house_agent                    Belief changed: not soap washingMachine
house_agent                    Belief changed: not dried washingMachine
house_agent                    Belief changed: not drying washingMachine
washingMachine                 Belief changed: cleaned
washingMachine                 Belief changed: not washing
washingMachine                 Belief changed: not consume_energy energy
dishwasher                     Belief changed: free_energy energy
washingMachine                 Belief changed: free_energy energy
washingMachine                 Belief changed: not soap
washingMachine                 Belief changed: not dried
washingMachine                 Belief changed: not drying
washing machine washing machine turned off
washing machine status: finished
washingMachine>Finish#114      Intention success
house_agent>SensePowerLoadIntention#13 sense powerload status: 0
washingMachine>OnlinePlanning#112 Starting sequential step (StartDry energy) Effect: drying,consume_energy energy,not free_energy energy
washingMachine>StartDry#115    Intention started
house_agent                    startDry energy washingMachine
house_agent                    Belief changed: drying washingMachine
house_agent                    Belief changed: consume_energy washingMachine energy
house_agent                    Belief changed: not free_energy energy
washingMachine                 Belief changed: drying
washingMachine                 Belief changed: consume_energy energy
dishwasher                     Belief changed: not free_energy energy
washingMachine                 Belief changed: not free_energy energy
Saturday:03:30  Temperature: 19°C
washing machine has started drying
washing machine status: startDry
washingMachine>StartDry#115    Intention success
house_agent>SenseConsumptionIntention#16 sense consumption status: 441.0004999999995kW
house_agent>SensePowerLoadIntention#13 sense powerload status: 500
washingMachine>OnlinePlanning#112 Starting sequential step (FinishDry energy) Effect: dried,not consume_energy energy,free_energy energy
washingMachine>FinishDry#116   Intention started
house_agent                    finishDry energy washingMachine
house_agent                    Belief changed: dried washingMachine
house_agent                    Belief changed: not consume_energy washingMachine energy
house_agent                    Belief changed: free_energy energy
washingMachine                 Belief changed: dried
washingMachine                 Belief changed: not consume_energy energy
dishwasher                     Belief changed: free_energy energy
washingMachine                 Belief changed: free_energy energy
washing machine has finished drying
washing machine status: finishDry
washingMachine>FinishDry#116   Intention success
house_agent>SensePowerLoadIntention#13 sense powerload status: 0
washingMachine>OnlinePlanning#112 Starting sequential step (Discharge ) Effect: not charged
washingMachine>Discharge#117   Intention started
house_agent                    discharge washingMachine
house_agent                    Belief changed: not charged washingMachine
washingMachine                 Belief changed: not charged
washing machine has discharged clothes
washing machine status: discharge
washingMachine>Discharge#117   Intention success
house_agent>SenseClothesIntention#12 sense clothes charge status: 0
washingMachine>OnlinePlanning#112 Intention success
washingMachine                 Succesfully used intention OnlinePlanning to achieve goal PddlGoal#96 goal:cleaned,not charged,not washing,not soap,dried
washingMachine>RetryFourTimesIntention#98 Intention success
washingMachine                 Succesfully used intention RetryFourTimesIntention to achieve goal RetryGoal#97[object Object]
Saturday:06:00  Temperature: 18°C
Thermostat: trying to increase temperature
Saturday:06:30  Temperature: 19°C
Saturday:07:00  frolla moved to corridor
frolla moved to living_room
frolla moved to kitchen
cat feeder cat_prossimity: true
cat feeder food bowl full
cat feeder water on
cat feeder status_food: full
cat feeder status_water: on
house_agent>SenseConsumptionIntention#16 sense consumption status: 441.00149999999945kW
house_agent>SensePowerLoadIntention#13 sense powerload status: 1
cat feeder cat_prossimity: false
cat feeder status_food: empty
cat feeder water off
cat feeder status_water: off
house_agent>SensePowerLoadIntention#13 sense powerload status: 0
Saturday:08:00  frolla moved to living_room
frolla moved to corridor
frolla moved to service_bathroom
Nicola moved to corridor
Nicola moved to living_room
Nicola moved to kitchen
Sara moved to corridor
Sara moved to living_room
Sara moved to kitchen
kitchen roll up shutter  lifted up
house_agent>SenseDishesIntention#11 sense dishes charge status: 1
house_agent>SenseConsumptionIntention#16 sense consumption status: 441.0054999999994kW
Cat is using the litter
cat litter cat_position: in
Cat finished using the litter
cat litter status: dirty
cat litter cat_position: out
Cat litter cleaned
cat litter status: clean
house_agent>SenseConsumptionIntention#16 sense consumption status: 441.0074999999994kW
Saturday:08:15  frolla moved to corridor
frolla moved to living_room
towel warmer  towel warmer turned on
towel warmer status: on
house_agent>SensePersonIntention#14 sense shower intention: Nicola true
house_agent>SenseConsumptionIntention#16 sense consumption status: 441.2074999999994kW
house_agent>SensePowerLoadIntention#13 sense powerload status: 50
Saturday:08:30  Nicola will have a shower
Saturday:08:45  towel warmer  towel warmer turned off
Nicola moved to living_room
Nicola moved to corridor
Nicola moved to bathroom
Sara moved to living_room
towel warmer status: off
bathroom roll up shutter  lifted up
house_agent>SenseClothesIntention#12 sense clothes charge status: 1
living_room roll up shutter  lifted up
towel warmer  towel warmer turned on
towel warmer status: on
house_agent>SensePersonIntention#15 sense shower intention: Sara true
house_agent>SensePowerLoadIntention#13 sense powerload status: 0
house_agent>SensePersonIntention#14 sense shower intention: Nicola false
house_agent>SenseConsumptionIntention#16 sense consumption status: 441.2084999999994kW
Saturday:09:00  Temperature: 18°C
Thermostat: trying to increase temperature
Sara will have a shower
Saturday:09:15  towel warmer  towel warmer turned off
Sara moved to corridor
Sara moved to bathroom
Nicola moved to corridor
Nicola moved to living_room
towel warmer status: off
house_agent>SenseClothesIntention#12 sense clothes charge status: 2
house_agent>SensePowerLoadIntention#13 sense powerload status: 0
house_agent>SensePersonIntention#15 sense shower intention: Sara false
Saturday:09:30  Temperature: 19°C
Saturday:09:45  Sara moved to corridor
Sara moved to living_room
Saturday:12:00  Temperature: 18°C
Thermostat: trying to increase temperature
Saturday:12:30  frolla moved to kitchen
Nicola moved to corridor
Nicola moved to living_room
Nicola moved to kitchen
Sara moved to corridor
Sara moved to living_room
Sara moved to kitchen
Temperature: 19°C
house_agent>SenseDishesIntention#11 sense dishes charge status: 2
house_agent                    Belief changed: not cleaned dishwasher
house_agent                    Belief changed: charged dishwasher
house_agent                    Belief changed: cristal_to_rinse dishwasher
dishwasher                     Belief changed: not cleaned
dishwasher                     Belief changed: charged
dishwasher                     Belief changed: cristal_to_rinse
cat feeder cat_prossimity: true
cat feeder food bowl full
cat feeder water on
cat feeder status_food: full
cat feeder status_water: on
house_agent>SenseConsumptionIntention#16 sense consumption status: 441.41049999999933kW
house_agent>SensePowerLoadIntention#13 sense powerload status: 1
cat feeder cat_prossimity: false
cat feeder status_food: empty
cat feeder water off
cat feeder status_water: off
house_agent>SensePowerLoadIntention#13 sense powerload status: 0
Saturday:13:00  frolla moved to living_room
frolla moved to corridor
frolla moved to service_bathroom
Nicola moved to living_room
Sara moved to living_room
Cat is using the litter
cat litter cat_position: in
Cat finished using the litter
cat litter status: dirty
cat litter cat_position: out
Cat litter cleaned
cat litter status: clean
house_agent>SenseConsumptionIntention#16 sense consumption status: 441.4154999999993kW
Saturday:13:15  frolla moved to corridor
frolla moved to living_room
Saturday:15:00  Temperature: 18°C
Thermostat: trying to increase temperature
Saturday:15:30  Temperature: 19°C
Saturday:18:00  Temperature: 18°C
Thermostat: trying to increase temperature
Saturday:18:30  Temperature: 19°C
Saturday:19:00  frolla moved to kitchen
living_room light  light turned on
house_agent>SenseConsumptionIntention#16 sense consumption status: 441.41949999999935kW
cat feeder cat_prossimity: true
cat feeder food bowl full
cat feeder water on
cat feeder status_food: full
cat feeder status_water: on
house_agent>SenseConsumptionIntention#16 sense consumption status: 441.4204999999993kW
house_agent>SensePowerLoadIntention#13 sense powerload status: 1
cat feeder cat_prossimity: false
cat feeder status_food: empty
cat feeder water off
cat feeder status_water: off
house_agent>SensePowerLoadIntention#13 sense powerload status: 0
Saturday:19:30  frolla moved to living_room
frolla moved to corridor
frolla moved to service_bathroom
Nicola moved to kitchen
Sara moved to kitchen
kitchen light  light turned on
living_room light  light turned off
house_agent>SenseDishesIntention#11 sense dishes charge status: 3
house_agent>SenseConsumptionIntention#16 sense consumption status: 441.4274999999993kW
Cat is using the litter
cat litter cat_position: in
Cat finished using the litter
cat litter status: dirty
cat litter cat_position: out
Cat litter cleaned
cat litter status: clean
house_agent>SenseConsumptionIntention#16 sense consumption status: 441.42949999999934kW
Saturday:19:45  frolla moved to corridor
frolla moved to living_room
Saturday:20:00  Nicola moved to living_room
Sara moved to living_room
living_room light  light turned on
kitchen light  light turned off
house_agent>SenseConsumptionIntention#16 sense consumption status: 441.43349999999936kW
Saturday:21:00  Temperature: 18°C
Thermostat: trying to increase temperature
Saturday:21:30  Temperature: 19°C
Saturday:22:15  Nicola moved to corridor
Nicola moved to bathroom
Sara moved to corridor
Sara moved to bathroom
bathroom light  light turned on
living_room light  light turned off
house_agent>SenseConsumptionIntention#16 sense consumption status: 441.4374999999994kW
Saturday:22:30  Nicola moved to corridor
Nicola moved to bedroom
Sara moved to corridor
Sara moved to bedroom
bedroom light  light turned on
bathroom light  light turned off
house_agent>SenseConsumptionIntention#16 sense consumption status: 441.4414999999994kW
Saturday:22:45  frolla moved to corridor
frolla moved to bedroom
bedroom light  light turned off
kitchen roll up shutter  lowered down
living_room roll up shutter  lowered down
bathroom roll up shutter  lowered down
house_agent>SenseConsumptionIntention#16 sense consumption status: 441.44249999999937kW
Sunday:00:00    Temperature: 18°C
Thermostat: trying to increase temperature
Sunday:00:30    Temperature: 19°C
Sunday:02:00    dishwasher                     Trying to use intention RetryFourTimesIntention to achieve goal RetryGoal#116[object Object]
dishwasher>RetryFourTimesIntention#118 Intention started
dishwasher                     Trying to use intention OnlinePlanning to achieve goal PddlGoal#115 goal:cleaned,not charged,not washing,not soap,free_energy energy
dishwasher>OnlinePlanning#119  Intention started
Sunday:02:15    dishwasher>OnlinePlanning#119  Plan found:
dishwasher>OnlinePlanning#119  - (addnormalsoap)
dishwasher>OnlinePlanning#119  - (start energy)
dishwasher>OnlinePlanning#119  - (rinseaid energy)
dishwasher>OnlinePlanning#119  - (finish energy)
dishwasher>OnlinePlanning#119  - (discharge)
dishwasher>OnlinePlanning#119  Starting sequential step (AddNormalSoap ) Effect: soap
dishwasher>AddNormalSoap#120   Intention started
house_agent                    addNormalSoap dishwasher
house_agent                    Belief changed: soap dishwasher
dishwasher                     Belief changed: soap
Sunday:02:30    dishwasher has added soap
dishwasher status: addSoap
dishwasher>AddNormalSoap#120   Intention success
dishwasher>OnlinePlanning#119  Starting sequential step (Start energy) Effect: consume_energy energy,not free_energy energy,washing
dishwasher>Start#121           Intention started
house_agent                    start energy dishwasher
house_agent                    Belief changed: consume_energy dishwasher energy
house_agent                    Belief changed: not free_energy energy
house_agent                    Belief changed: washing dishwasher
dishwasher                     Belief changed: consume_energy energy
dishwasher                     Belief changed: not free_energy energy
washingMachine                 Belief changed: not free_energy energy
dishwasher                     Belief changed: washing
Sunday:02:45    dishwasher  dishwasher turned on
dishwasher status: started
dishwasher>Start#121           Intention success
house_agent>SenseConsumptionIntention#16 sense consumption status: 443.9444999999993kW
house_agent>SensePowerLoadIntention#13 sense powerload status: 500
dishwasher>OnlinePlanning#119  Starting sequential step (RinseAid energy) Effect: not cristal_to_rinse
dishwasher>RinseAid#122        Intention started
house_agent                    rinseAid energy dishwasher
house_agent                    Belief changed: not cristal_to_rinse dishwasher
dishwasher                     Belief changed: not cristal_to_rinse
dishwasher  is using rinse aid
dishwasher status: rinseAid
dishwasher>RinseAid#122        Intention success
dishwasher>OnlinePlanning#119  Starting sequential step (Finish energy) Effect: cleaned,not washing,not consume_energy energy,free_energy energy,not soap,not dried,not drying
dishwasher>Finish#123          Intention started
house_agent                    finish energy dishwasher
house_agent                    Belief changed: cleaned dishwasher
house_agent                    Belief changed: not washing dishwasher
house_agent                    Belief changed: not consume_energy dishwasher energy
house_agent                    Belief changed: free_energy energy
house_agent                    Belief changed: not soap dishwasher
dishwasher                     Belief changed: cleaned
dishwasher                     Belief changed: not washing
dishwasher                     Belief changed: not consume_energy energy
dishwasher                     Belief changed: free_energy energy
washingMachine                 Belief changed: free_energy energy
dishwasher                     Belief changed: not soap
dishwasher  dishwasher turned off
dishwasher status: finished
dishwasher>Finish#123          Intention success
house_agent>SensePowerLoadIntention#13 sense powerload status: 0
dishwasher>OnlinePlanning#119  Starting sequential step (Discharge ) Effect: not charged
dishwasher>Discharge#124       Intention started
house_agent                    discharge dishwasher
house_agent                    Belief changed: not charged dishwasher
dishwasher                     Belief changed: not charged
dishwasher has discharged dishes
dishwasher status: discharge
dishwasher>Discharge#124       Intention success
house_agent>SenseDishesIntention#11 sense dishes charge status: 0
dishwasher>OnlinePlanning#119  Intention success
dishwasher                     Succesfully used intention OnlinePlanning to achieve goal PddlGoal#115 goal:cleaned,not charged,not washing,not soap,free_energy energy
dishwasher>RetryFourTimesIntention#118 Intention success
dishwasher                     Succesfully used intention RetryFourTimesIntention to achieve goal RetryGoal#116[object Object]
Sunday:03:00    Temperature: 18°C
Thermostat: trying to increase temperature
Sunday:03:30    Temperature: 19°C
Sunday:06:00    Temperature: 18°C
Thermostat: trying to increase temperature
Sunday:06:30    Temperature: 19°C
Sunday:07:00    frolla moved to corridor
frolla moved to living_room
frolla moved to kitchen
cat feeder cat_prossimity: true
cat feeder food bowl full
cat feeder water on
cat feeder status_food: full
cat feeder status_water: on
house_agent>SenseConsumptionIntention#16 sense consumption status: 443.9454999999993kW
house_agent>SensePowerLoadIntention#13 sense powerload status: 1
cat feeder cat_prossimity: false
cat feeder status_food: empty
cat feeder water off
cat feeder status_water: off
house_agent>SensePowerLoadIntention#13 sense powerload status: 0
Sunday:08:00    frolla moved to living_room
frolla moved to corridor
frolla moved to service_bathroom
Nicola moved to corridor
Nicola moved to living_room
Nicola moved to kitchen
Sara moved to corridor
Sara moved to living_room
Sara moved to kitchen
kitchen roll up shutter  lifted up
house_agent>SenseDishesIntention#11 sense dishes charge status: 1
house_agent>SenseConsumptionIntention#16 sense consumption status: 443.94949999999926kW
Cat is using the litter
cat litter cat_position: in
Cat finished using the litter
cat litter status: dirty
cat litter cat_position: out
Cat litter cleaned
cat litter status: clean
house_agent>SenseConsumptionIntention#16 sense consumption status: 443.95149999999927kW
Sunday:08:15    frolla moved to corridor
frolla moved to living_room
towel warmer  towel warmer turned on
towel warmer status: on
house_agent>SensePersonIntention#14 sense shower intention: Nicola true
house_agent>SenseConsumptionIntention#16 sense consumption status: 444.15149999999926kW
house_agent>SensePowerLoadIntention#13 sense powerload status: 50
Sunday:08:30    Nicola will have a shower
Sunday:08:45    towel warmer  towel warmer turned off
Nicola moved to living_room
Nicola moved to corridor
Nicola moved to bathroom
Sara moved to living_room
towel warmer status: off
bathroom roll up shutter  lifted up
house_agent>SenseClothesIntention#12 sense clothes charge status: 3
living_room roll up shutter  lifted up
towel warmer  towel warmer turned on
towel warmer status: on
house_agent>SensePersonIntention#15 sense shower intention: Sara true
house_agent>SensePowerLoadIntention#13 sense powerload status: 0
house_agent>SensePersonIntention#14 sense shower intention: Nicola false
house_agent>SenseConsumptionIntention#16 sense consumption status: 444.15249999999924kW
Sunday:09:00    Temperature: 18°C
Thermostat: trying to increase temperature
Sara will have a shower
Sunday:09:15    towel warmer  towel warmer turned off
Sara moved to corridor
Sara moved to bathroom
Nicola moved to corridor
Nicola moved to living_room
towel warmer status: off
house_agent>SenseClothesIntention#12 sense clothes charge status: 4
house_agent>SensePowerLoadIntention#13 sense powerload status: 0
house_agent>SensePersonIntention#15 sense shower intention: Sara false
Sunday:09:30    Temperature: 19°C
Sunday:09:45    Sara moved to corridor
Sara moved to living_room
Sunday:12:00    Temperature: 18°C
Thermostat: trying to increase temperature
Sunday:12:30    frolla moved to kitchen
Nicola moved to corridor
Nicola moved to living_room
Nicola moved to kitchen
Sara moved to corridor
Sara moved to living_room
Sara moved to kitchen
Temperature: 19°C
house_agent>SenseDishesIntention#11 sense dishes charge status: 2
house_agent                    Belief changed: not cleaned dishwasher
house_agent                    Belief changed: charged dishwasher
house_agent                    Belief changed: cristal_to_rinse dishwasher
dishwasher                     Belief changed: not cleaned
dishwasher                     Belief changed: charged
dishwasher                     Belief changed: cristal_to_rinse
cat feeder cat_prossimity: true
cat feeder food bowl full
cat feeder water on
cat feeder status_food: full
cat feeder status_water: on
house_agent>SenseConsumptionIntention#16 sense consumption status: 444.3544999999992kW
house_agent>SensePowerLoadIntention#13 sense powerload status: 1
cat feeder cat_prossimity: false
cat feeder status_food: empty
cat feeder water off
cat feeder status_water: off
house_agent>SensePowerLoadIntention#13 sense powerload status: 0
Sunday:13:00    frolla moved to living_room
frolla moved to corridor
frolla moved to service_bathroom
Nicola moved to living_room
Sara moved to living_room
Cat is using the litter
cat litter cat_position: in
Cat finished using the litter
cat litter status: dirty
cat litter cat_position: out
Cat litter cleaned
cat litter status: clean
house_agent>SenseConsumptionIntention#16 sense consumption status: 444.3594999999992kW
Sunday:13:15    frolla moved to corridor
frolla moved to living_room
Sunday:15:00    Temperature: 18°C
Thermostat: trying to increase temperature
Sunday:15:30    Temperature: 19°C
Sunday:18:00    Temperature: 18°C
Thermostat: trying to increase temperature
Sunday:18:30    Temperature: 19°C
Sunday:19:00    frolla moved to kitchen
living_room light  light turned on
house_agent>SenseConsumptionIntention#16 sense consumption status: 444.3634999999992kW
cat feeder cat_prossimity: true
cat feeder food bowl full
cat feeder water on
cat feeder status_food: full
cat feeder status_water: on
house_agent>SenseConsumptionIntention#16 sense consumption status: 444.36449999999917kW
house_agent>SensePowerLoadIntention#13 sense powerload status: 1
cat feeder cat_prossimity: false
cat feeder status_food: empty
cat feeder water off
cat feeder status_water: off
house_agent>SensePowerLoadIntention#13 sense powerload status: 0
Sunday:19:30    frolla moved to living_room
frolla moved to corridor
frolla moved to service_bathroom
Nicola moved to kitchen
Sara moved to kitchen
kitchen light  light turned on
living_room light  light turned off
house_agent>SenseDishesIntention#11 sense dishes charge status: 3
house_agent>SenseConsumptionIntention#16 sense consumption status: 444.3714999999992kW
Cat is using the litter
cat litter cat_position: in
Cat finished using the litter
cat litter status: dirty
cat litter cat_position: out
Cat litter cleaned
cat litter status: clean
house_agent>SenseConsumptionIntention#16 sense consumption status: 444.3734999999992kW
Sunday:19:45    frolla moved to corridor
frolla moved to living_room
Sunday:20:00    Nicola moved to living_room
Sara moved to living_room
living_room light  light turned on
kitchen light  light turned off
house_agent>SenseConsumptionIntention#16 sense consumption status: 444.3774999999992kW
Sunday:21:00    Temperature: 18°C
Thermostat: trying to increase temperature
Sunday:21:30    Temperature: 19°C
Sunday:22:15    Nicola moved to corridor
Nicola moved to bathroom
Sara moved to corridor
Sara moved to bathroom
bathroom light  light turned on
living_room light  light turned off
house_agent>SenseConsumptionIntention#16 sense consumption status: 444.3814999999992kW
Sunday:22:30    Nicola moved to corridor
Nicola moved to bedroom
Sara moved to corridor
Sara moved to bedroom
bedroom light  light turned on
bathroom light  light turned off
house_agent>SenseConsumptionIntention#16 sense consumption status: 444.38549999999924kW
Sunday:22:45    frolla moved to corridor
frolla moved to bedroom
bedroom light  light turned off
kitchen roll up shutter  lowered down
living_room roll up shutter  lowered down
bathroom roll up shutter  lowered down
house_agent>SenseConsumptionIntention#16 sense consumption status: 444.3864999999992kW